[2024-03-30T19:35:20.162+0000] {taskinstance.py:1979} INFO - Dependencies all met for dep_context=non-requeueable deps ti=<TaskInstance: study_case_etl_all_pipeline.bash_task_2 manual__2024-03-30T19:34:40.836021+00:00 [queued]>
[2024-03-30T19:35:20.172+0000] {taskinstance.py:1979} INFO - Dependencies all met for dep_context=requeueable deps ti=<TaskInstance: study_case_etl_all_pipeline.bash_task_2 manual__2024-03-30T19:34:40.836021+00:00 [queued]>
[2024-03-30T19:35:20.173+0000] {taskinstance.py:2193} INFO - Starting attempt 1 of 2
[2024-03-30T19:35:20.183+0000] {taskinstance.py:2214} INFO - Executing <Task(BashOperator): bash_task_2> on 2024-03-30 19:34:40.836021+00:00
[2024-03-30T19:35:20.189+0000] {standard_task_runner.py:60} INFO - Started process 2596 to run task
[2024-03-30T19:35:20.192+0000] {standard_task_runner.py:87} INFO - Running: ['***', 'tasks', 'run', 'study_case_etl_all_pipeline', 'bash_task_2', 'manual__2024-03-30T19:34:40.836021+00:00', '--job-id', '184', '--raw', '--subdir', 'DAGS_FOLDER/running_dbt_core/study_case_etl_all_pipeline.py', '--cfg-path', '/tmp/tmpz38_fs33']
[2024-03-30T19:35:20.196+0000] {standard_task_runner.py:88} INFO - Job 184: Subtask bash_task_2
[2024-03-30T19:35:20.232+0000] {task_command.py:423} INFO - Running <TaskInstance: study_case_etl_all_pipeline.bash_task_2 manual__2024-03-30T19:34:40.836021+00:00 [running]> on host f5156ab87ac1
[2024-03-30T19:35:20.309+0000] {taskinstance.py:2510} INFO - Exporting env vars: AIRFLOW_CTX_DAG_OWNER='Agus mahari' AIRFLOW_CTX_DAG_ID='study_case_etl_all_pipeline' AIRFLOW_CTX_TASK_ID='bash_task_2' AIRFLOW_CTX_EXECUTION_DATE='2024-03-30T19:34:40.836021+00:00' AIRFLOW_CTX_TRY_NUMBER='1' AIRFLOW_CTX_DAG_RUN_ID='manual__2024-03-30T19:34:40.836021+00:00'
[2024-03-30T19:35:20.311+0000] {subprocess.py:63} INFO - Tmp dir root location: /tmp
[2024-03-30T19:35:20.312+0000] {subprocess.py:75} INFO - Running command: ['/usr/bin/bash', '-c', 'cd /opt/***/dbt/credit_card_dwh && dbt run --profiles-dir .']
[2024-03-30T19:35:20.321+0000] {subprocess.py:86} INFO - Output:
[2024-03-30T19:35:22.689+0000] {subprocess.py:93} INFO - [0m19:35:22  Running with dbt=1.7.11
[2024-03-30T19:35:23.630+0000] {subprocess.py:93} INFO - [0m19:35:23  Registered adapter: bigquery=1.7.7
[2024-03-30T19:35:23.679+0000] {subprocess.py:93} INFO - [0m19:35:23  Unable to do partial parsing because profile has changed
[2024-03-30T19:35:26.205+0000] {subprocess.py:93} INFO - [0m19:35:26  Found 1 model, 2 tests, 1 source, 0 exposures, 0 metrics, 907 macros, 0 groups, 0 semantic models
[2024-03-30T19:35:26.209+0000] {subprocess.py:93} INFO - [0m19:35:26
[2024-03-30T19:35:27.835+0000] {subprocess.py:93} INFO - [0m19:35:27  Concurrency: 4 threads (target='dev')
[2024-03-30T19:35:27.837+0000] {subprocess.py:93} INFO - [0m19:35:27
[2024-03-30T19:35:27.846+0000] {subprocess.py:93} INFO - [0m19:35:27  1 of 1 START sql incremental model test_location.stg__credit_card .............. [RUN]
[2024-03-30T19:35:32.720+0000] {subprocess.py:93} INFO - [0m19:35:32  BigQuery adapter: https://console.cloud.google.com/bigquery?project=forward-entity-411314&j=bq:US:58199fa6-79c4-4fba-b08f-4255876f81ad&page=queryresults
[2024-03-30T19:35:32.751+0000] {subprocess.py:93} INFO - [0m19:35:32  1 of 1 ERROR creating sql incremental model test_location.stg__credit_card ..... [[31mERROR[0m in 4.90s]
[2024-03-30T19:35:32.758+0000] {subprocess.py:93} INFO - [0m19:35:32
[2024-03-30T19:35:32.759+0000] {subprocess.py:93} INFO - [0m19:35:32  Finished running 1 incremental model in 0 hours 0 minutes and 6.55 seconds (6.55s).
[2024-03-30T19:35:32.777+0000] {subprocess.py:93} INFO - [0m19:35:32
[2024-03-30T19:35:32.779+0000] {subprocess.py:93} INFO - [0m19:35:32  [31mCompleted with 1 error and 0 warnings:[0m
[2024-03-30T19:35:32.780+0000] {subprocess.py:93} INFO - [0m19:35:32
[2024-03-30T19:35:32.781+0000] {subprocess.py:93} INFO - [0m19:35:32    Database Error in model stg__credit_card (models/staging/stg__credit_card.sql)
[2024-03-30T19:35:32.781+0000] {subprocess.py:93} INFO -   Cannot read and write in different locations: source: asia-southeast2, destination: US
[2024-03-30T19:35:32.781+0000] {subprocess.py:93} INFO -   compiled Code at target/run/credit_card_dwh/models/staging/stg__credit_card.sql
[2024-03-30T19:35:32.782+0000] {subprocess.py:93} INFO - [0m19:35:32
[2024-03-30T19:35:32.783+0000] {subprocess.py:93} INFO - [0m19:35:32  Done. PASS=0 WARN=0 ERROR=1 SKIP=0 TOTAL=1
[2024-03-30T19:35:35.772+0000] {subprocess.py:97} INFO - Command exited with return code 1
[2024-03-30T19:35:35.780+0000] {taskinstance.py:2728} ERROR - Task failed with exception
Traceback (most recent call last):
  File "/home/airflow/.local/lib/python3.8/site-packages/airflow/models/taskinstance.py", line 444, in _execute_task
    result = _execute_callable(context=context, **execute_callable_kwargs)
  File "/home/airflow/.local/lib/python3.8/site-packages/airflow/models/taskinstance.py", line 414, in _execute_callable
    return execute_callable(context=context, **execute_callable_kwargs)
  File "/home/airflow/.local/lib/python3.8/site-packages/airflow/operators/bash.py", line 212, in execute
    raise AirflowException(
airflow.exceptions.AirflowException: Bash command failed. The command returned a non-zero exit code 1.
[2024-03-30T19:35:35.782+0000] {taskinstance.py:1149} INFO - Marking task as UP_FOR_RETRY. dag_id=study_case_etl_all_pipeline, task_id=bash_task_2, execution_date=20240330T193440, start_date=20240330T193520, end_date=20240330T193535
[2024-03-30T19:35:35.793+0000] {standard_task_runner.py:107} ERROR - Failed to execute job 184 for task bash_task_2 (Bash command failed. The command returned a non-zero exit code 1.; 2596)
[2024-03-30T19:35:35.824+0000] {local_task_job_runner.py:234} INFO - Task exited with return code 1
[2024-03-30T19:35:35.840+0000] {taskinstance.py:3309} INFO - 0 downstream tasks scheduled from follow-on schedule check
