[2024-03-22T18:35:34.901+0000] {taskinstance.py:1979} INFO - Dependencies all met for dep_context=non-requeueable deps ti=<TaskInstance: my_first_dag.bash_task_2 manual__2024-03-22T18:34:58.746029+00:00 [queued]>
[2024-03-22T18:35:34.911+0000] {taskinstance.py:1979} INFO - Dependencies all met for dep_context=requeueable deps ti=<TaskInstance: my_first_dag.bash_task_2 manual__2024-03-22T18:34:58.746029+00:00 [queued]>
[2024-03-22T18:35:34.911+0000] {taskinstance.py:2193} INFO - Starting attempt 1 of 11
[2024-03-22T18:35:34.926+0000] {taskinstance.py:2214} INFO - Executing <Task(BashOperator): bash_task_2> on 2024-03-22 18:34:58.746029+00:00
[2024-03-22T18:35:34.930+0000] {standard_task_runner.py:60} INFO - Started process 697 to run task
[2024-03-22T18:35:34.933+0000] {standard_task_runner.py:87} INFO - Running: ['***', 'tasks', 'run', 'my_first_dag', 'bash_task_2', 'manual__2024-03-22T18:34:58.746029+00:00', '--job-id', '245', '--raw', '--subdir', 'DAGS_FOLDER/running_dbt_core/running_dbt_core.py', '--cfg-path', '/tmp/tmpmuhbs7g0']
[2024-03-22T18:35:34.934+0000] {standard_task_runner.py:88} INFO - Job 245: Subtask bash_task_2
[2024-03-22T18:35:34.969+0000] {task_command.py:423} INFO - Running <TaskInstance: my_first_dag.bash_task_2 manual__2024-03-22T18:34:58.746029+00:00 [running]> on host 428086c4ef09
[2024-03-22T18:35:35.032+0000] {taskinstance.py:2510} INFO - Exporting env vars: AIRFLOW_CTX_DAG_OWNER='proton' AIRFLOW_CTX_DAG_ID='my_first_dag' AIRFLOW_CTX_TASK_ID='bash_task_2' AIRFLOW_CTX_EXECUTION_DATE='2024-03-22T18:34:58.746029+00:00' AIRFLOW_CTX_TRY_NUMBER='1' AIRFLOW_CTX_DAG_RUN_ID='manual__2024-03-22T18:34:58.746029+00:00'
[2024-03-22T18:35:35.034+0000] {subprocess.py:63} INFO - Tmp dir root location: /tmp
[2024-03-22T18:35:35.035+0000] {subprocess.py:75} INFO - Running command: ['/usr/bin/bash', '-c', 'cd /opt/***/dbt/credit_card_dwh && dbt deps && dbt run --profiles-dir .']
[2024-03-22T18:35:35.043+0000] {subprocess.py:86} INFO - Output:
[2024-03-22T18:35:37.473+0000] {subprocess.py:93} INFO - [0m18:35:37  Running with dbt=1.7.10
[2024-03-22T18:35:40.219+0000] {subprocess.py:93} INFO - [0m18:35:40  Installing dbt-labs/dbt_utils
[2024-03-22T18:35:40.951+0000] {subprocess.py:93} INFO - [0m18:35:40  Installed from version 0.8.0
[2024-03-22T18:35:40.952+0000] {subprocess.py:93} INFO - [0m18:35:40  Updated version available: 1.1.1
[2024-03-22T18:35:40.953+0000] {subprocess.py:93} INFO - [0m18:35:40  Installing calogica/dbt_expectations
[2024-03-22T18:35:43.728+0000] {subprocess.py:93} INFO - [0m18:35:43  Installed from version 0.8.5
[2024-03-22T18:35:43.729+0000] {subprocess.py:93} INFO - [0m18:35:43  Updated version available: 0.10.3
[2024-03-22T18:35:43.732+0000] {subprocess.py:93} INFO - [0m18:35:43  Installing calogica/dbt_date
[2024-03-22T18:35:44.259+0000] {subprocess.py:93} INFO - [0m18:35:44  Installed from version 0.7.2
[2024-03-22T18:35:44.260+0000] {subprocess.py:93} INFO - [0m18:35:44  Updated version available: 0.10.0
[2024-03-22T18:35:44.262+0000] {subprocess.py:93} INFO - [0m18:35:44
[2024-03-22T18:35:44.264+0000] {subprocess.py:93} INFO - [0m18:35:44  Updates available for packages: ['dbt-labs/dbt_utils', 'calogica/dbt_expectations', 'calogica/dbt_date']
[2024-03-22T18:35:44.266+0000] {subprocess.py:93} INFO - Update your versions in packages.yml, then run dbt deps
[2024-03-22T18:35:48.295+0000] {subprocess.py:93} INFO - [0m18:35:48  Running with dbt=1.7.10
[2024-03-22T18:35:49.273+0000] {subprocess.py:93} INFO - [0m18:35:49  Registered adapter: bigquery=1.7.6
[2024-03-22T18:35:49.460+0000] {subprocess.py:93} INFO - [0m18:35:49  Found 15 models, 5 seeds, 20 tests, 1 source, 0 exposures, 0 metrics, 870 macros, 0 groups, 0 semantic models
[2024-03-22T18:35:49.463+0000] {subprocess.py:93} INFO - [0m18:35:49
[2024-03-22T18:35:50.761+0000] {subprocess.py:93} INFO - [0m18:35:50  Concurrency: 4 threads (target='dev')
[2024-03-22T18:35:50.767+0000] {subprocess.py:93} INFO - [0m18:35:50
[2024-03-22T18:35:50.791+0000] {subprocess.py:93} INFO - [0m18:35:50  1 of 15 START sql view model final_project.stg__credit_card .................... [RUN]
[2024-03-22T18:35:51.847+0000] {subprocess.py:93} INFO - [0m18:35:51  1 of 15 ERROR creating sql view model final_project.stg__credit_card ........... [[31mERROR[0m in 1.05s]
[2024-03-22T18:35:51.856+0000] {subprocess.py:93} INFO - [0m18:35:51  2 of 15 SKIP relation final_project.dim__EDUCATION ............................. [[33mSKIP[0m]
[2024-03-22T18:35:51.857+0000] {subprocess.py:93} INFO - [0m18:35:51  3 of 15 SKIP relation final_project.dim__HOUSING ............................... [[33mSKIP[0m]
[2024-03-22T18:35:51.858+0000] {subprocess.py:93} INFO - [0m18:35:51  4 of 15 SKIP relation final_project.dim__INCOME ................................ [[33mSKIP[0m]
[2024-03-22T18:35:51.860+0000] {subprocess.py:93} INFO - [0m18:35:51  5 of 15 SKIP relation final_project.dim__JOB ................................... [[33mSKIP[0m]
[2024-03-22T18:35:51.868+0000] {subprocess.py:93} INFO - [0m18:35:51  6 of 15 SKIP relation final_project.dim__MARITAL ............................... [[33mSKIP[0m]
[2024-03-22T18:35:51.872+0000] {subprocess.py:93} INFO - [0m18:35:51  7 of 15 SKIP relation final_project.fact__tables ............................... [[33mSKIP[0m]
[2024-03-22T18:35:51.879+0000] {subprocess.py:93} INFO - [0m18:35:51  8 of 15 SKIP relation final_project.clustered__ASSET ........................... [[33mSKIP[0m]
[2024-03-22T18:35:51.881+0000] {subprocess.py:93} INFO - [0m18:35:51  9 of 15 SKIP relation final_project.clustered__ASSET_CAR ....................... [[33mSKIP[0m]
[2024-03-22T18:35:51.882+0000] {subprocess.py:93} INFO - [0m18:35:51  10 of 15 SKIP relation final_project.clustered__EDUCATION ...................... [[33mSKIP[0m]
[2024-03-22T18:35:51.884+0000] {subprocess.py:93} INFO - [0m18:35:51  11 of 15 SKIP relation final_project.clustered__INCOME ......................... [[33mSKIP[0m]
[2024-03-22T18:35:51.894+0000] {subprocess.py:93} INFO - [0m18:35:51  12 of 15 SKIP relation final_project.clustered__JOB ............................ [[33mSKIP[0m]
[2024-03-22T18:35:51.896+0000] {subprocess.py:93} INFO - [0m18:35:51  13 of 15 SKIP relation final_project.clustered__MARITAL ........................ [[33mSKIP[0m]
[2024-03-22T18:35:51.897+0000] {subprocess.py:93} INFO - [0m18:35:51  14 of 15 SKIP relation final_project.nested__FRAUD ............................. [[33mSKIP[0m]
[2024-03-22T18:35:51.899+0000] {subprocess.py:93} INFO - [0m18:35:51  15 of 15 SKIP relation final_project.partitioned__dates ........................ [[33mSKIP[0m]
[2024-03-22T18:35:51.910+0000] {subprocess.py:93} INFO - [0m18:35:51
[2024-03-22T18:35:51.911+0000] {subprocess.py:93} INFO - [0m18:35:51  Finished running 6 view models, 9 table models in 0 hours 0 minutes and 2.45 seconds (2.45s).
[2024-03-22T18:35:51.934+0000] {subprocess.py:93} INFO - [0m18:35:51
[2024-03-22T18:35:51.935+0000] {subprocess.py:93} INFO - [0m18:35:51  [31mCompleted with 1 error and 0 warnings:[0m
[2024-03-22T18:35:51.936+0000] {subprocess.py:93} INFO - [0m18:35:51
[2024-03-22T18:35:51.936+0000] {subprocess.py:93} INFO - [0m18:35:51    Runtime Error in model stg__credit_card (models/staging/stg__credit_card.sql)
[2024-03-22T18:35:51.936+0000] {subprocess.py:93} INFO -   404 Not found: Table forward-entity-411314:final_project.raw_credit_card was not found in location US; reason: notFound, message: Not found: Table forward-entity-411314:final_project.raw_credit_card was not found in location US
[2024-03-22T18:35:51.937+0000] {subprocess.py:93} INFO - 
[2024-03-22T18:35:51.937+0000] {subprocess.py:93} INFO -   Location: US
[2024-03-22T18:35:51.938+0000] {subprocess.py:93} INFO -   Job ID: 609e0dd2-15bd-48be-98f8-295aab97f26b
[2024-03-22T18:35:51.938+0000] {subprocess.py:93} INFO - 
[2024-03-22T18:35:51.938+0000] {subprocess.py:93} INFO - [0m18:35:51
[2024-03-22T18:35:51.939+0000] {subprocess.py:93} INFO - [0m18:35:51  Done. PASS=0 WARN=0 ERROR=1 SKIP=14 TOTAL=15
[2024-03-22T18:35:53.636+0000] {subprocess.py:97} INFO - Command exited with return code 1
[2024-03-22T18:35:53.644+0000] {taskinstance.py:2728} ERROR - Task failed with exception
Traceback (most recent call last):
  File "/home/airflow/.local/lib/python3.8/site-packages/airflow/models/taskinstance.py", line 444, in _execute_task
    result = _execute_callable(context=context, **execute_callable_kwargs)
  File "/home/airflow/.local/lib/python3.8/site-packages/airflow/models/taskinstance.py", line 414, in _execute_callable
    return execute_callable(context=context, **execute_callable_kwargs)
  File "/home/airflow/.local/lib/python3.8/site-packages/airflow/operators/bash.py", line 212, in execute
    raise AirflowException(
airflow.exceptions.AirflowException: Bash command failed. The command returned a non-zero exit code 1.
[2024-03-22T18:35:53.647+0000] {taskinstance.py:1149} INFO - Marking task as UP_FOR_RETRY. dag_id=my_first_dag, task_id=bash_task_2, execution_date=20240322T183458, start_date=20240322T183534, end_date=20240322T183553
[2024-03-22T18:35:53.658+0000] {standard_task_runner.py:107} ERROR - Failed to execute job 245 for task bash_task_2 (Bash command failed. The command returned a non-zero exit code 1.; 697)
[2024-03-22T18:35:53.692+0000] {local_task_job_runner.py:234} INFO - Task exited with return code 1
[2024-03-22T18:35:53.706+0000] {taskinstance.py:3309} INFO - 0 downstream tasks scheduled from follow-on schedule check
