[2024-03-22T17:32:21.139+0000] {taskinstance.py:1979} INFO - Dependencies all met for dep_context=non-requeueable deps ti=<TaskInstance: my_first_dag.bash_task_1 manual__2024-03-22T17:32:20.371838+00:00 [queued]>
[2024-03-22T17:32:21.147+0000] {taskinstance.py:1979} INFO - Dependencies all met for dep_context=requeueable deps ti=<TaskInstance: my_first_dag.bash_task_1 manual__2024-03-22T17:32:20.371838+00:00 [queued]>
[2024-03-22T17:32:21.148+0000] {taskinstance.py:2193} INFO - Starting attempt 1 of 11
[2024-03-22T17:32:21.159+0000] {taskinstance.py:2214} INFO - Executing <Task(BashOperator): bash_task_1> on 2024-03-22 17:32:20.371838+00:00
[2024-03-22T17:32:21.163+0000] {standard_task_runner.py:60} INFO - Started process 1062 to run task
[2024-03-22T17:32:21.166+0000] {standard_task_runner.py:87} INFO - Running: ['***', 'tasks', 'run', 'my_first_dag', 'bash_task_1', 'manual__2024-03-22T17:32:20.371838+00:00', '--job-id', '236', '--raw', '--subdir', 'DAGS_FOLDER/running_dbt_core/running_dbt_core.py', '--cfg-path', '/tmp/tmpu30v2bu2']
[2024-03-22T17:32:21.167+0000] {standard_task_runner.py:88} INFO - Job 236: Subtask bash_task_1
[2024-03-22T17:32:21.208+0000] {task_command.py:423} INFO - Running <TaskInstance: my_first_dag.bash_task_1 manual__2024-03-22T17:32:20.371838+00:00 [running]> on host eb8b31fafb1e
[2024-03-22T17:32:21.274+0000] {taskinstance.py:2510} INFO - Exporting env vars: AIRFLOW_CTX_DAG_OWNER='proton' AIRFLOW_CTX_DAG_ID='my_first_dag' AIRFLOW_CTX_TASK_ID='bash_task_1' AIRFLOW_CTX_EXECUTION_DATE='2024-03-22T17:32:20.371838+00:00' AIRFLOW_CTX_TRY_NUMBER='1' AIRFLOW_CTX_DAG_RUN_ID='manual__2024-03-22T17:32:20.371838+00:00'
[2024-03-22T17:32:21.275+0000] {subprocess.py:63} INFO - Tmp dir root location: /tmp
[2024-03-22T17:32:21.276+0000] {subprocess.py:75} INFO - Running command: ['/usr/bin/bash', '-c', 'cd /opt/***/dbt/credit_card_dwh && dbt deps && dbt seed --profiles-dir .']
[2024-03-22T17:32:21.284+0000] {subprocess.py:86} INFO - Output:
[2024-03-22T17:32:23.867+0000] {subprocess.py:93} INFO - [0m17:32:23  Running with dbt=1.7.10
[2024-03-22T17:32:26.169+0000] {subprocess.py:93} INFO - [0m17:32:26  Updating lock file in file path: /opt/***/dbt/credit_card_dwh/package-lock.yml
[2024-03-22T17:32:26.258+0000] {subprocess.py:93} INFO - [0m17:32:26  Installing dbt-labs/dbt_utils
[2024-03-22T17:32:26.964+0000] {subprocess.py:93} INFO - [0m17:32:26  Installed from version 0.8.0
[2024-03-22T17:32:26.965+0000] {subprocess.py:93} INFO - [0m17:32:26  Updated version available: 1.1.1
[2024-03-22T17:32:26.967+0000] {subprocess.py:93} INFO - [0m17:32:26  Installing calogica/dbt_expectations
[2024-03-22T17:32:31.174+0000] {subprocess.py:93} INFO - [0m17:32:31  Installed from version 0.8.5
[2024-03-22T17:32:31.175+0000] {subprocess.py:93} INFO - [0m17:32:31  Updated version available: 0.10.3
[2024-03-22T17:32:31.177+0000] {subprocess.py:93} INFO - [0m17:32:31  Installing calogica/dbt_date
[2024-03-22T17:32:31.753+0000] {subprocess.py:93} INFO - [0m17:32:31  Installed from version 0.7.2
[2024-03-22T17:32:31.755+0000] {subprocess.py:93} INFO - [0m17:32:31  Updated version available: 0.10.0
[2024-03-22T17:32:31.758+0000] {subprocess.py:93} INFO - [0m17:32:31
[2024-03-22T17:32:31.758+0000] {subprocess.py:93} INFO - [0m17:32:31  Updates available for packages: ['dbt-labs/dbt_utils', 'calogica/dbt_expectations', 'calogica/dbt_date']
[2024-03-22T17:32:31.759+0000] {subprocess.py:93} INFO - Update your versions in packages.yml, then run dbt deps
[2024-03-22T17:32:36.821+0000] {subprocess.py:93} INFO - [0m17:32:36  Running with dbt=1.7.10
[2024-03-22T17:32:38.108+0000] {subprocess.py:93} INFO - [0m17:32:38  Registered adapter: bigquery=1.7.6
[2024-03-22T17:32:38.143+0000] {subprocess.py:93} INFO - [0m17:32:38  Unable to do partial parsing because saved manifest not found. Starting full parse.
[2024-03-22T17:32:40.554+0000] {subprocess.py:93} INFO - [0m17:32:40  [[33mWARNING[0m]: Did not find matching node for patch with name 'nested__recipient' in the 'models' section of file 'models/schema.yml'
[2024-03-22T17:32:40.831+0000] {subprocess.py:93} INFO - [0m17:32:40  [[33mWARNING[0m]: Found patch for macro "decode_EDUCATION" which was not found
[2024-03-22T17:32:40.834+0000] {subprocess.py:93} INFO - [0m17:32:40  [[33mWARNING[0m]: Found patch for macro "decode_HOUSING" which was not found
[2024-03-22T17:32:40.837+0000] {subprocess.py:93} INFO - [0m17:32:40  [[33mWARNING[0m]: Found patch for macro "decode_INCOME" which was not found
[2024-03-22T17:32:40.839+0000] {subprocess.py:93} INFO - [0m17:32:40  [[33mWARNING[0m]: Found patch for macro "decode_JOB" which was not found
[2024-03-22T17:32:40.841+0000] {subprocess.py:93} INFO - [0m17:32:40  [[33mWARNING[0m]: Found patch for macro "decode_MARITAL" which was not found
[2024-03-22T17:32:40.956+0000] {subprocess.py:93} INFO - [0m17:32:40  Found 15 models, 5 seeds, 20 tests, 1 source, 0 exposures, 0 metrics, 870 macros, 0 groups, 0 semantic models
[2024-03-22T17:32:40.960+0000] {subprocess.py:93} INFO - [0m17:32:40
[2024-03-22T17:32:40.973+0000] {subprocess.py:93} INFO - [0m17:32:40
[2024-03-22T17:32:40.975+0000] {subprocess.py:93} INFO - [0m17:32:40  Finished running  in 0 hours 0 minutes and 0.01 seconds (0.01s).
[2024-03-22T17:32:40.976+0000] {subprocess.py:93} INFO - [0m17:32:40  Encountered an error:
[2024-03-22T17:32:40.976+0000] {subprocess.py:93} INFO - Database Error
[2024-03-22T17:32:40.977+0000] {subprocess.py:93} INFO -   [Errno 2] No such file or directory: '/opt/***/google_credentials.json'
[2024-03-22T17:32:43.290+0000] {subprocess.py:97} INFO - Command exited with return code 2
[2024-03-22T17:32:43.298+0000] {taskinstance.py:2728} ERROR - Task failed with exception
Traceback (most recent call last):
  File "/home/airflow/.local/lib/python3.8/site-packages/airflow/models/taskinstance.py", line 444, in _execute_task
    result = _execute_callable(context=context, **execute_callable_kwargs)
  File "/home/airflow/.local/lib/python3.8/site-packages/airflow/models/taskinstance.py", line 414, in _execute_callable
    return execute_callable(context=context, **execute_callable_kwargs)
  File "/home/airflow/.local/lib/python3.8/site-packages/airflow/operators/bash.py", line 212, in execute
    raise AirflowException(
airflow.exceptions.AirflowException: Bash command failed. The command returned a non-zero exit code 2.
[2024-03-22T17:32:43.301+0000] {taskinstance.py:1149} INFO - Marking task as UP_FOR_RETRY. dag_id=my_first_dag, task_id=bash_task_1, execution_date=20240322T173220, start_date=20240322T173221, end_date=20240322T173243
[2024-03-22T17:32:43.312+0000] {standard_task_runner.py:107} ERROR - Failed to execute job 236 for task bash_task_1 (Bash command failed. The command returned a non-zero exit code 2.; 1062)
[2024-03-22T17:32:43.343+0000] {local_task_job_runner.py:234} INFO - Task exited with return code 1
[2024-03-22T17:32:43.354+0000] {taskinstance.py:3309} INFO - 0 downstream tasks scheduled from follow-on schedule check
