[2024-03-30T16:14:08.272+0000] {taskinstance.py:1979} INFO - Dependencies all met for dep_context=non-requeueable deps ti=<TaskInstance: study_case_etl_all_pipeline.bash_task_1 manual__2024-03-30T16:13:31.085705+00:00 [queued]>
[2024-03-30T16:14:08.280+0000] {taskinstance.py:1979} INFO - Dependencies all met for dep_context=requeueable deps ti=<TaskInstance: study_case_etl_all_pipeline.bash_task_1 manual__2024-03-30T16:13:31.085705+00:00 [queued]>
[2024-03-30T16:14:08.281+0000] {taskinstance.py:2193} INFO - Starting attempt 1 of 2
[2024-03-30T16:14:08.292+0000] {taskinstance.py:2214} INFO - Executing <Task(BashOperator): bash_task_1> on 2024-03-30 16:13:31.085705+00:00
[2024-03-30T16:14:08.297+0000] {standard_task_runner.py:60} INFO - Started process 7033 to run task
[2024-03-30T16:14:08.301+0000] {standard_task_runner.py:87} INFO - Running: ['***', 'tasks', 'run', 'study_case_etl_all_pipeline', 'bash_task_1', 'manual__2024-03-30T16:13:31.085705+00:00', '--job-id', '60', '--raw', '--subdir', 'DAGS_FOLDER/running_dbt_core/study_case_etl_all_pipeline.py', '--cfg-path', '/tmp/tmp36lc5t98']
[2024-03-30T16:14:08.303+0000] {standard_task_runner.py:88} INFO - Job 60: Subtask bash_task_1
[2024-03-30T16:14:08.343+0000] {task_command.py:423} INFO - Running <TaskInstance: study_case_etl_all_pipeline.bash_task_1 manual__2024-03-30T16:13:31.085705+00:00 [running]> on host 8e1e687a7cdb
[2024-03-30T16:14:08.408+0000] {taskinstance.py:2510} INFO - Exporting env vars: AIRFLOW_CTX_DAG_OWNER='Agus mahari' AIRFLOW_CTX_DAG_ID='study_case_etl_all_pipeline' AIRFLOW_CTX_TASK_ID='bash_task_1' AIRFLOW_CTX_EXECUTION_DATE='2024-03-30T16:13:31.085705+00:00' AIRFLOW_CTX_TRY_NUMBER='1' AIRFLOW_CTX_DAG_RUN_ID='manual__2024-03-30T16:13:31.085705+00:00'
[2024-03-30T16:14:08.410+0000] {subprocess.py:63} INFO - Tmp dir root location: /tmp
[2024-03-30T16:14:08.411+0000] {subprocess.py:75} INFO - Running command: ['/usr/bin/bash', '-c', 'cd /opt/***/dbt/credit_card_dwh && dbt deps && dbt seed --profiles-dir .']
[2024-03-30T16:14:08.421+0000] {subprocess.py:86} INFO - Output:
[2024-03-30T16:14:10.875+0000] {subprocess.py:93} INFO - [0m16:14:10  Running with dbt=1.7.11
[2024-03-30T16:14:13.165+0000] {subprocess.py:93} INFO - [0m16:14:13  Installing dbt-labs/dbt_utils
[2024-03-30T16:14:13.818+0000] {subprocess.py:93} INFO - [0m16:14:13  Installed from version 0.8.0
[2024-03-30T16:14:13.819+0000] {subprocess.py:93} INFO - [0m16:14:13  Updated version available: 1.1.1
[2024-03-30T16:14:13.822+0000] {subprocess.py:93} INFO - [0m16:14:13  Installing calogica/dbt_expectations
[2024-03-30T16:14:16.587+0000] {subprocess.py:93} INFO - [0m16:14:16  Installed from version 0.10.3
[2024-03-30T16:14:16.589+0000] {subprocess.py:93} INFO - [0m16:14:16  Up to date!
[2024-03-30T16:14:16.592+0000] {subprocess.py:93} INFO - [0m16:14:16  Installing calogica/dbt_date
[2024-03-30T16:14:17.297+0000] {subprocess.py:93} INFO - [0m16:14:17  Installed from version 0.10.0
[2024-03-30T16:14:17.299+0000] {subprocess.py:93} INFO - [0m16:14:17  Up to date!
[2024-03-30T16:14:17.303+0000] {subprocess.py:93} INFO - [0m16:14:17
[2024-03-30T16:14:17.305+0000] {subprocess.py:93} INFO - [0m16:14:17  Updates available for packages: ['dbt-labs/dbt_utils']
[2024-03-30T16:14:17.308+0000] {subprocess.py:93} INFO - Update your versions in packages.yml, then run dbt deps
[2024-03-30T16:14:22.353+0000] {subprocess.py:93} INFO - [0m16:14:22  Running with dbt=1.7.11
[2024-03-30T16:14:23.383+0000] {subprocess.py:93} INFO - [0m16:14:23  Registered adapter: bigquery=1.7.7
[2024-03-30T16:14:23.448+0000] {subprocess.py:93} INFO - [0m16:14:23  Unable to do partial parsing because of a version mismatch
[2024-03-30T16:14:25.747+0000] {subprocess.py:93} INFO - [0m16:14:25  [[33mWARNING[0m]: Found patch for macro "decode_EDUCATION" which was not found
[2024-03-30T16:14:25.751+0000] {subprocess.py:93} INFO - [0m16:14:25  [[33mWARNING[0m]: Found patch for macro "decode_HOUSING" which was not found
[2024-03-30T16:14:25.753+0000] {subprocess.py:93} INFO - [0m16:14:25  [[33mWARNING[0m]: Found patch for macro "decode_INCOME" which was not found
[2024-03-30T16:14:25.756+0000] {subprocess.py:93} INFO - [0m16:14:25  [[33mWARNING[0m]: Found patch for macro "decode_JOB" which was not found
[2024-03-30T16:14:25.759+0000] {subprocess.py:93} INFO - [0m16:14:25  [[33mWARNING[0m]: Found patch for macro "decode_MARITAL" which was not found
[2024-03-30T16:14:25.760+0000] {subprocess.py:93} INFO - [0m16:14:25  Encountered an error:
[2024-03-30T16:14:25.760+0000] {subprocess.py:93} INFO - Compilation Error
[2024-03-30T16:14:25.761+0000] {subprocess.py:93} INFO -   Model 'model.credit_card_dwh.stg__credit_card' (models/staging/stg__credit_card.sql) depends on a source named 'agusmahari_data_lake.raw_credit_card' which was not found
[2024-03-30T16:14:28.226+0000] {subprocess.py:97} INFO - Command exited with return code 2
[2024-03-30T16:14:28.243+0000] {taskinstance.py:2728} ERROR - Task failed with exception
Traceback (most recent call last):
  File "/home/airflow/.local/lib/python3.8/site-packages/airflow/models/taskinstance.py", line 444, in _execute_task
    result = _execute_callable(context=context, **execute_callable_kwargs)
  File "/home/airflow/.local/lib/python3.8/site-packages/airflow/models/taskinstance.py", line 414, in _execute_callable
    return execute_callable(context=context, **execute_callable_kwargs)
  File "/home/airflow/.local/lib/python3.8/site-packages/airflow/operators/bash.py", line 212, in execute
    raise AirflowException(
airflow.exceptions.AirflowException: Bash command failed. The command returned a non-zero exit code 2.
[2024-03-30T16:14:28.247+0000] {taskinstance.py:1149} INFO - Marking task as UP_FOR_RETRY. dag_id=study_case_etl_all_pipeline, task_id=bash_task_1, execution_date=20240330T161331, start_date=20240330T161408, end_date=20240330T161428
[2024-03-30T16:14:28.263+0000] {standard_task_runner.py:107} ERROR - Failed to execute job 60 for task bash_task_1 (Bash command failed. The command returned a non-zero exit code 2.; 7033)
[2024-03-30T16:14:28.298+0000] {local_task_job_runner.py:234} INFO - Task exited with return code 1
[2024-03-30T16:14:28.325+0000] {taskinstance.py:3309} INFO - 0 downstream tasks scheduled from follow-on schedule check
