[2024-03-30T16:10:27.764+0000] {taskinstance.py:1979} INFO - Dependencies all met for dep_context=non-requeueable deps ti=<TaskInstance: study_case_etl_all_pipeline.bash_task_1 manual__2024-03-30T16:09:44.386410+00:00 [queued]>
[2024-03-30T16:10:27.774+0000] {taskinstance.py:1979} INFO - Dependencies all met for dep_context=requeueable deps ti=<TaskInstance: study_case_etl_all_pipeline.bash_task_1 manual__2024-03-30T16:09:44.386410+00:00 [queued]>
[2024-03-30T16:10:27.775+0000] {taskinstance.py:2193} INFO - Starting attempt 1 of 2
[2024-03-30T16:10:27.787+0000] {taskinstance.py:2214} INFO - Executing <Task(BashOperator): bash_task_1> on 2024-03-30 16:09:44.386410+00:00
[2024-03-30T16:10:27.794+0000] {standard_task_runner.py:60} INFO - Started process 6938 to run task
[2024-03-30T16:10:27.797+0000] {standard_task_runner.py:87} INFO - Running: ['***', 'tasks', 'run', 'study_case_etl_all_pipeline', 'bash_task_1', 'manual__2024-03-30T16:09:44.386410+00:00', '--job-id', '55', '--raw', '--subdir', 'DAGS_FOLDER/running_dbt_core/study_case_etl_all_pipeline.py', '--cfg-path', '/tmp/tmplh4pjo0z']
[2024-03-30T16:10:27.800+0000] {standard_task_runner.py:88} INFO - Job 55: Subtask bash_task_1
[2024-03-30T16:10:27.849+0000] {task_command.py:423} INFO - Running <TaskInstance: study_case_etl_all_pipeline.bash_task_1 manual__2024-03-30T16:09:44.386410+00:00 [running]> on host 8e1e687a7cdb
[2024-03-30T16:10:27.935+0000] {taskinstance.py:2510} INFO - Exporting env vars: AIRFLOW_CTX_DAG_OWNER='Agus mahari' AIRFLOW_CTX_DAG_ID='study_case_etl_all_pipeline' AIRFLOW_CTX_TASK_ID='bash_task_1' AIRFLOW_CTX_EXECUTION_DATE='2024-03-30T16:09:44.386410+00:00' AIRFLOW_CTX_TRY_NUMBER='1' AIRFLOW_CTX_DAG_RUN_ID='manual__2024-03-30T16:09:44.386410+00:00'
[2024-03-30T16:10:27.938+0000] {subprocess.py:63} INFO - Tmp dir root location: /tmp
[2024-03-30T16:10:27.939+0000] {subprocess.py:75} INFO - Running command: ['/usr/bin/bash', '-c', 'cd /opt/***/dbt/credit_card_dwh && dbt deps && dbt seed --profiles-dir .']
[2024-03-30T16:10:27.950+0000] {subprocess.py:86} INFO - Output:
[2024-03-30T16:10:30.287+0000] {subprocess.py:93} INFO - [0m16:10:30  Running with dbt=1.7.11
[2024-03-30T16:10:32.247+0000] {subprocess.py:93} INFO - [0m16:10:32  Updating lock file in file path: /opt/***/dbt/credit_card_dwh/package-lock.yml
[2024-03-30T16:10:32.387+0000] {subprocess.py:93} INFO - [0m16:10:32  Installing dbt-labs/dbt_utils
[2024-03-30T16:10:33.099+0000] {subprocess.py:93} INFO - [0m16:10:33  Installed from version 0.8.0
[2024-03-30T16:10:33.100+0000] {subprocess.py:93} INFO - [0m16:10:33  Updated version available: 1.1.1
[2024-03-30T16:10:33.107+0000] {subprocess.py:93} INFO - [0m16:10:33  Installing calogica/dbt_expectations
[2024-03-30T16:10:36.288+0000] {subprocess.py:93} INFO - [0m16:10:36  Installed from version 0.10.3
[2024-03-30T16:10:36.288+0000] {subprocess.py:93} INFO - [0m16:10:36  Up to date!
[2024-03-30T16:10:36.291+0000] {subprocess.py:93} INFO - [0m16:10:36  Installing calogica/dbt_date
[2024-03-30T16:10:36.825+0000] {subprocess.py:93} INFO - [0m16:10:36  Installed from version 0.10.0
[2024-03-30T16:10:36.826+0000] {subprocess.py:93} INFO - [0m16:10:36  Up to date!
[2024-03-30T16:10:36.828+0000] {subprocess.py:93} INFO - [0m16:10:36
[2024-03-30T16:10:36.830+0000] {subprocess.py:93} INFO - [0m16:10:36  Updates available for packages: ['dbt-labs/dbt_utils']
[2024-03-30T16:10:36.830+0000] {subprocess.py:93} INFO - Update your versions in packages.yml, then run dbt deps
[2024-03-30T16:10:42.253+0000] {subprocess.py:93} INFO - [0m16:10:42  Running with dbt=1.7.11
[2024-03-30T16:10:43.255+0000] {subprocess.py:93} INFO - [0m16:10:43  Registered adapter: bigquery=1.7.7
[2024-03-30T16:10:43.312+0000] {subprocess.py:93} INFO - [0m16:10:43  Unable to do partial parsing because of a version mismatch
[2024-03-30T16:10:45.561+0000] {subprocess.py:93} INFO - [0m16:10:45  [[33mWARNING[0m]: Found patch for macro "decode_EDUCATION" which was not found
[2024-03-30T16:10:45.564+0000] {subprocess.py:93} INFO - [0m16:10:45  [[33mWARNING[0m]: Found patch for macro "decode_HOUSING" which was not found
[2024-03-30T16:10:45.566+0000] {subprocess.py:93} INFO - [0m16:10:45  [[33mWARNING[0m]: Found patch for macro "decode_INCOME" which was not found
[2024-03-30T16:10:45.568+0000] {subprocess.py:93} INFO - [0m16:10:45  [[33mWARNING[0m]: Found patch for macro "decode_JOB" which was not found
[2024-03-30T16:10:45.571+0000] {subprocess.py:93} INFO - [0m16:10:45  [[33mWARNING[0m]: Found patch for macro "decode_MARITAL" which was not found
[2024-03-30T16:10:45.572+0000] {subprocess.py:93} INFO - [0m16:10:45  Encountered an error:
[2024-03-30T16:10:45.572+0000] {subprocess.py:93} INFO - Compilation Error
[2024-03-30T16:10:45.573+0000] {subprocess.py:93} INFO -   Model 'model.credit_card_dwh.stg__credit_card' (models/staging/stg__credit_card.sql) depends on a source named 'agusmahari_data_lake.raw_credit_card' which was not found
[2024-03-30T16:10:47.657+0000] {subprocess.py:97} INFO - Command exited with return code 2
[2024-03-30T16:10:47.668+0000] {taskinstance.py:2728} ERROR - Task failed with exception
Traceback (most recent call last):
  File "/home/airflow/.local/lib/python3.8/site-packages/airflow/models/taskinstance.py", line 444, in _execute_task
    result = _execute_callable(context=context, **execute_callable_kwargs)
  File "/home/airflow/.local/lib/python3.8/site-packages/airflow/models/taskinstance.py", line 414, in _execute_callable
    return execute_callable(context=context, **execute_callable_kwargs)
  File "/home/airflow/.local/lib/python3.8/site-packages/airflow/operators/bash.py", line 212, in execute
    raise AirflowException(
airflow.exceptions.AirflowException: Bash command failed. The command returned a non-zero exit code 2.
[2024-03-30T16:10:47.672+0000] {taskinstance.py:1149} INFO - Marking task as UP_FOR_RETRY. dag_id=study_case_etl_all_pipeline, task_id=bash_task_1, execution_date=20240330T160944, start_date=20240330T161027, end_date=20240330T161047
[2024-03-30T16:10:47.684+0000] {standard_task_runner.py:107} ERROR - Failed to execute job 55 for task bash_task_1 (Bash command failed. The command returned a non-zero exit code 2.; 6938)
[2024-03-30T16:10:47.711+0000] {local_task_job_runner.py:234} INFO - Task exited with return code 1
[2024-03-30T16:10:47.731+0000] {taskinstance.py:3309} INFO - 0 downstream tasks scheduled from follow-on schedule check
