[2024-03-22T18:50:53.840+0000] {taskinstance.py:1979} INFO - Dependencies all met for dep_context=non-requeueable deps ti=<TaskInstance: my_first_dag.bash_task_2 manual__2024-03-22T18:50:19.723727+00:00 [queued]>
[2024-03-22T18:50:53.848+0000] {taskinstance.py:1979} INFO - Dependencies all met for dep_context=requeueable deps ti=<TaskInstance: my_first_dag.bash_task_2 manual__2024-03-22T18:50:19.723727+00:00 [queued]>
[2024-03-22T18:50:53.848+0000] {taskinstance.py:2193} INFO - Starting attempt 1 of 11
[2024-03-22T18:50:53.860+0000] {taskinstance.py:2214} INFO - Executing <Task(BashOperator): bash_task_2> on 2024-03-22 18:50:19.723727+00:00
[2024-03-22T18:50:53.864+0000] {standard_task_runner.py:60} INFO - Started process 1040 to run task
[2024-03-22T18:50:53.867+0000] {standard_task_runner.py:87} INFO - Running: ['***', 'tasks', 'run', 'my_first_dag', 'bash_task_2', 'manual__2024-03-22T18:50:19.723727+00:00', '--job-id', '251', '--raw', '--subdir', 'DAGS_FOLDER/running_dbt_core/running_dbt_core.py', '--cfg-path', '/tmp/tmpbwnwm3bh']
[2024-03-22T18:50:53.868+0000] {standard_task_runner.py:88} INFO - Job 251: Subtask bash_task_2
[2024-03-22T18:50:53.904+0000] {task_command.py:423} INFO - Running <TaskInstance: my_first_dag.bash_task_2 manual__2024-03-22T18:50:19.723727+00:00 [running]> on host 428086c4ef09
[2024-03-22T18:50:53.965+0000] {taskinstance.py:2510} INFO - Exporting env vars: AIRFLOW_CTX_DAG_OWNER='proton' AIRFLOW_CTX_DAG_ID='my_first_dag' AIRFLOW_CTX_TASK_ID='bash_task_2' AIRFLOW_CTX_EXECUTION_DATE='2024-03-22T18:50:19.723727+00:00' AIRFLOW_CTX_TRY_NUMBER='1' AIRFLOW_CTX_DAG_RUN_ID='manual__2024-03-22T18:50:19.723727+00:00'
[2024-03-22T18:50:53.967+0000] {subprocess.py:63} INFO - Tmp dir root location: /tmp
[2024-03-22T18:50:53.968+0000] {subprocess.py:75} INFO - Running command: ['/usr/bin/bash', '-c', 'cd /opt/***/dbt/credit_card_dwh && dbt run --profiles-dir .']
[2024-03-22T18:50:53.975+0000] {subprocess.py:86} INFO - Output:
[2024-03-22T18:50:56.471+0000] {subprocess.py:93} INFO - [0m18:50:56  Running with dbt=1.7.10
[2024-03-22T18:50:57.401+0000] {subprocess.py:93} INFO - [0m18:50:57  Registered adapter: bigquery=1.7.6
[2024-03-22T18:50:57.585+0000] {subprocess.py:93} INFO - [0m18:50:57  Found 15 models, 5 seeds, 20 tests, 1 source, 0 exposures, 0 metrics, 870 macros, 0 groups, 0 semantic models
[2024-03-22T18:50:57.590+0000] {subprocess.py:93} INFO - [0m18:50:57
[2024-03-22T18:50:58.929+0000] {subprocess.py:93} INFO - [0m18:50:58  Concurrency: 4 threads (target='dev')
[2024-03-22T18:50:58.930+0000] {subprocess.py:93} INFO - [0m18:50:58
[2024-03-22T18:50:58.938+0000] {subprocess.py:93} INFO - [0m18:50:58  1 of 15 START sql view model final_project.stg__credit_card .................... [RUN]
[2024-03-22T18:51:02.264+0000] {subprocess.py:93} INFO - [0m18:51:02  BigQuery adapter: https://console.cloud.google.com/bigquery?project=forward-entity-411314&j=bq:US:aa55b8a5-3591-4302-a821-8854d5bd1b30&page=queryresults
[2024-03-22T18:51:02.275+0000] {subprocess.py:93} INFO - [0m18:51:02  1 of 15 ERROR creating sql view model final_project.stg__credit_card ........... [[31mERROR[0m in 3.33s]
[2024-03-22T18:51:02.284+0000] {subprocess.py:93} INFO - [0m18:51:02  2 of 15 SKIP relation final_project.dim__EDUCATION ............................. [[33mSKIP[0m]
[2024-03-22T18:51:02.288+0000] {subprocess.py:93} INFO - [0m18:51:02  3 of 15 SKIP relation final_project.dim__HOUSING ............................... [[33mSKIP[0m]
[2024-03-22T18:51:02.290+0000] {subprocess.py:93} INFO - [0m18:51:02  4 of 15 SKIP relation final_project.dim__INCOME ................................ [[33mSKIP[0m]
[2024-03-22T18:51:02.292+0000] {subprocess.py:93} INFO - [0m18:51:02  5 of 15 SKIP relation final_project.dim__JOB ................................... [[33mSKIP[0m]
[2024-03-22T18:51:02.306+0000] {subprocess.py:93} INFO - [0m18:51:02  6 of 15 SKIP relation final_project.dim__MARITAL ............................... [[33mSKIP[0m]
[2024-03-22T18:51:02.311+0000] {subprocess.py:93} INFO - [0m18:51:02  7 of 15 SKIP relation final_project.fact__tables ............................... [[33mSKIP[0m]
[2024-03-22T18:51:02.322+0000] {subprocess.py:93} INFO - [0m18:51:02  8 of 15 SKIP relation final_project.clustered__ASSET ........................... [[33mSKIP[0m]
[2024-03-22T18:51:02.323+0000] {subprocess.py:93} INFO - [0m18:51:02  9 of 15 SKIP relation final_project.clustered__ASSET_CAR ....................... [[33mSKIP[0m]
[2024-03-22T18:51:02.325+0000] {subprocess.py:93} INFO - [0m18:51:02  10 of 15 SKIP relation final_project.clustered__EDUCATION ...................... [[33mSKIP[0m]
[2024-03-22T18:51:02.328+0000] {subprocess.py:93} INFO - [0m18:51:02  11 of 15 SKIP relation final_project.clustered__INCOME ......................... [[33mSKIP[0m]
[2024-03-22T18:51:02.348+0000] {subprocess.py:93} INFO - [0m18:51:02  12 of 15 SKIP relation final_project.clustered__JOB ............................ [[33mSKIP[0m]
[2024-03-22T18:51:02.349+0000] {subprocess.py:93} INFO - [0m18:51:02  13 of 15 SKIP relation final_project.clustered__MARITAL ........................ [[33mSKIP[0m]
[2024-03-22T18:51:02.352+0000] {subprocess.py:93} INFO - [0m18:51:02  14 of 15 SKIP relation final_project.nested__FRAUD ............................. [[33mSKIP[0m]
[2024-03-22T18:51:02.358+0000] {subprocess.py:93} INFO - [0m18:51:02  15 of 15 SKIP relation final_project.partitioned__dates ........................ [[33mSKIP[0m]
[2024-03-22T18:51:02.374+0000] {subprocess.py:93} INFO - [0m18:51:02
[2024-03-22T18:51:02.375+0000] {subprocess.py:93} INFO - [0m18:51:02  Finished running 6 view models, 9 table models in 0 hours 0 minutes and 4.78 seconds (4.78s).
[2024-03-22T18:51:02.400+0000] {subprocess.py:93} INFO - [0m18:51:02
[2024-03-22T18:51:02.402+0000] {subprocess.py:93} INFO - [0m18:51:02  [31mCompleted with 1 error and 0 warnings:[0m
[2024-03-22T18:51:02.403+0000] {subprocess.py:93} INFO - [0m18:51:02
[2024-03-22T18:51:02.404+0000] {subprocess.py:93} INFO - [0m18:51:02    Database Error in model stg__credit_card (models/staging/stg__credit_card.sql)
[2024-03-22T18:51:02.404+0000] {subprocess.py:93} INFO -   Unrecognized name: YEARS_BIRTH; Did you mean DAYS_BIRTH? at [23:5]
[2024-03-22T18:51:02.405+0000] {subprocess.py:93} INFO -   compiled Code at target/run/credit_card_dwh/models/staging/stg__credit_card.sql
[2024-03-22T18:51:02.405+0000] {subprocess.py:93} INFO - [0m18:51:02
[2024-03-22T18:51:02.406+0000] {subprocess.py:93} INFO - [0m18:51:02  Done. PASS=0 WARN=0 ERROR=1 SKIP=14 TOTAL=15
[2024-03-22T18:51:04.254+0000] {subprocess.py:97} INFO - Command exited with return code 1
[2024-03-22T18:51:04.261+0000] {taskinstance.py:2728} ERROR - Task failed with exception
Traceback (most recent call last):
  File "/home/airflow/.local/lib/python3.8/site-packages/airflow/models/taskinstance.py", line 444, in _execute_task
    result = _execute_callable(context=context, **execute_callable_kwargs)
  File "/home/airflow/.local/lib/python3.8/site-packages/airflow/models/taskinstance.py", line 414, in _execute_callable
    return execute_callable(context=context, **execute_callable_kwargs)
  File "/home/airflow/.local/lib/python3.8/site-packages/airflow/operators/bash.py", line 212, in execute
    raise AirflowException(
airflow.exceptions.AirflowException: Bash command failed. The command returned a non-zero exit code 1.
[2024-03-22T18:51:04.264+0000] {taskinstance.py:1149} INFO - Marking task as UP_FOR_RETRY. dag_id=my_first_dag, task_id=bash_task_2, execution_date=20240322T185019, start_date=20240322T185053, end_date=20240322T185104
[2024-03-22T18:51:04.276+0000] {standard_task_runner.py:107} ERROR - Failed to execute job 251 for task bash_task_2 (Bash command failed. The command returned a non-zero exit code 1.; 1040)
[2024-03-22T18:51:04.314+0000] {local_task_job_runner.py:234} INFO - Task exited with return code 1
[2024-03-22T18:51:04.326+0000] {taskinstance.py:3309} INFO - 0 downstream tasks scheduled from follow-on schedule check
