[2024-03-22T19:06:29.089+0000] {taskinstance.py:1979} INFO - Dependencies all met for dep_context=non-requeueable deps ti=<TaskInstance: my_first_dag.bash_task_2 manual__2024-03-22T18:50:19.723727+00:00 [queued]>
[2024-03-22T19:06:29.101+0000] {taskinstance.py:1979} INFO - Dependencies all met for dep_context=requeueable deps ti=<TaskInstance: my_first_dag.bash_task_2 manual__2024-03-22T18:50:19.723727+00:00 [queued]>
[2024-03-22T19:06:29.101+0000] {taskinstance.py:2193} INFO - Starting attempt 4 of 11
[2024-03-22T19:06:29.123+0000] {taskinstance.py:2214} INFO - Executing <Task(BashOperator): bash_task_2> on 2024-03-22 18:50:19.723727+00:00
[2024-03-22T19:06:29.127+0000] {standard_task_runner.py:60} INFO - Started process 1339 to run task
[2024-03-22T19:06:29.130+0000] {standard_task_runner.py:87} INFO - Running: ['***', 'tasks', 'run', 'my_first_dag', 'bash_task_2', 'manual__2024-03-22T18:50:19.723727+00:00', '--job-id', '255', '--raw', '--subdir', 'DAGS_FOLDER/running_dbt_core/running_dbt_core.py', '--cfg-path', '/tmp/tmphd5va14w']
[2024-03-22T19:06:29.132+0000] {standard_task_runner.py:88} INFO - Job 255: Subtask bash_task_2
[2024-03-22T19:06:29.169+0000] {task_command.py:423} INFO - Running <TaskInstance: my_first_dag.bash_task_2 manual__2024-03-22T18:50:19.723727+00:00 [running]> on host 428086c4ef09
[2024-03-22T19:06:29.236+0000] {taskinstance.py:2510} INFO - Exporting env vars: AIRFLOW_CTX_DAG_OWNER='proton' AIRFLOW_CTX_DAG_ID='my_first_dag' AIRFLOW_CTX_TASK_ID='bash_task_2' AIRFLOW_CTX_EXECUTION_DATE='2024-03-22T18:50:19.723727+00:00' AIRFLOW_CTX_TRY_NUMBER='4' AIRFLOW_CTX_DAG_RUN_ID='manual__2024-03-22T18:50:19.723727+00:00'
[2024-03-22T19:06:29.238+0000] {subprocess.py:63} INFO - Tmp dir root location: /tmp
[2024-03-22T19:06:29.239+0000] {subprocess.py:75} INFO - Running command: ['/usr/bin/bash', '-c', 'cd /opt/***/dbt/credit_card_dwh && dbt run --profiles-dir .']
[2024-03-22T19:06:29.248+0000] {subprocess.py:86} INFO - Output:
[2024-03-22T19:06:31.752+0000] {subprocess.py:93} INFO - [0m19:06:31  Running with dbt=1.7.10
[2024-03-22T19:06:32.700+0000] {subprocess.py:93} INFO - [0m19:06:32  Registered adapter: bigquery=1.7.6
[2024-03-22T19:06:32.912+0000] {subprocess.py:93} INFO - [0m19:06:32  Found 15 models, 5 seeds, 20 tests, 1 source, 0 exposures, 0 metrics, 870 macros, 0 groups, 0 semantic models
[2024-03-22T19:06:32.917+0000] {subprocess.py:93} INFO - [0m19:06:32
[2024-03-22T19:06:34.433+0000] {subprocess.py:93} INFO - [0m19:06:34  Concurrency: 4 threads (target='dev')
[2024-03-22T19:06:34.434+0000] {subprocess.py:93} INFO - [0m19:06:34
[2024-03-22T19:06:34.443+0000] {subprocess.py:93} INFO - [0m19:06:34  1 of 15 START sql view model final_project.stg__credit_card .................... [RUN]
[2024-03-22T19:06:38.057+0000] {subprocess.py:93} INFO - [0m19:06:38  BigQuery adapter: https://console.cloud.google.com/bigquery?project=forward-entity-411314&j=bq:US:3d5189a7-51b3-4f7b-8282-cc7922351874&page=queryresults
[2024-03-22T19:06:38.072+0000] {subprocess.py:93} INFO - [0m19:06:38  1 of 15 ERROR creating sql view model final_project.stg__credit_card ........... [[31mERROR[0m in 3.63s]
[2024-03-22T19:06:38.082+0000] {subprocess.py:93} INFO - [0m19:06:38  2 of 15 SKIP relation final_project.dim__EDUCATION ............................. [[33mSKIP[0m]
[2024-03-22T19:06:38.083+0000] {subprocess.py:93} INFO - [0m19:06:38  3 of 15 SKIP relation final_project.dim__HOUSING ............................... [[33mSKIP[0m]
[2024-03-22T19:06:38.085+0000] {subprocess.py:93} INFO - [0m19:06:38  4 of 15 SKIP relation final_project.dim__INCOME ................................ [[33mSKIP[0m]
[2024-03-22T19:06:38.087+0000] {subprocess.py:93} INFO - [0m19:06:38  5 of 15 SKIP relation final_project.dim__JOB ................................... [[33mSKIP[0m]
[2024-03-22T19:06:38.095+0000] {subprocess.py:93} INFO - [0m19:06:38  6 of 15 SKIP relation final_project.dim__MARITAL ............................... [[33mSKIP[0m]
[2024-03-22T19:06:38.101+0000] {subprocess.py:93} INFO - [0m19:06:38  7 of 15 SKIP relation final_project.fact__tables ............................... [[33mSKIP[0m]
[2024-03-22T19:06:38.108+0000] {subprocess.py:93} INFO - [0m19:06:38  8 of 15 SKIP relation final_project.clustered__ASSET ........................... [[33mSKIP[0m]
[2024-03-22T19:06:38.109+0000] {subprocess.py:93} INFO - [0m19:06:38  9 of 15 SKIP relation final_project.clustered__ASSET_CAR ....................... [[33mSKIP[0m]
[2024-03-22T19:06:38.112+0000] {subprocess.py:93} INFO - [0m19:06:38  10 of 15 SKIP relation final_project.clustered__EDUCATION ...................... [[33mSKIP[0m]
[2024-03-22T19:06:38.113+0000] {subprocess.py:93} INFO - [0m19:06:38  11 of 15 SKIP relation final_project.clustered__INCOME ......................... [[33mSKIP[0m]
[2024-03-22T19:06:38.124+0000] {subprocess.py:93} INFO - [0m19:06:38  12 of 15 SKIP relation final_project.clustered__JOB ............................ [[33mSKIP[0m]
[2024-03-22T19:06:38.125+0000] {subprocess.py:93} INFO - [0m19:06:38  13 of 15 SKIP relation final_project.clustered__MARITAL ........................ [[33mSKIP[0m]
[2024-03-22T19:06:38.127+0000] {subprocess.py:93} INFO - [0m19:06:38  14 of 15 SKIP relation final_project.nested__FRAUD ............................. [[33mSKIP[0m]
[2024-03-22T19:06:38.128+0000] {subprocess.py:93} INFO - [0m19:06:38  15 of 15 SKIP relation final_project.partitioned__dates ........................ [[33mSKIP[0m]
[2024-03-22T19:06:38.140+0000] {subprocess.py:93} INFO - [0m19:06:38
[2024-03-22T19:06:38.141+0000] {subprocess.py:93} INFO - [0m19:06:38  Finished running 6 view models, 9 table models in 0 hours 0 minutes and 5.22 seconds (5.22s).
[2024-03-22T19:06:38.170+0000] {subprocess.py:93} INFO - [0m19:06:38
[2024-03-22T19:06:38.173+0000] {subprocess.py:93} INFO - [0m19:06:38  [31mCompleted with 1 error and 0 warnings:[0m
[2024-03-22T19:06:38.174+0000] {subprocess.py:93} INFO - [0m19:06:38
[2024-03-22T19:06:38.175+0000] {subprocess.py:93} INFO - [0m19:06:38    Database Error in model stg__credit_card (models/staging/stg__credit_card.sql)
[2024-03-22T19:06:38.176+0000] {subprocess.py:93} INFO -   Unrecognized name: YEARS_BIRTH; Did you mean DAYS_BIRTH? at [23:5]
[2024-03-22T19:06:38.177+0000] {subprocess.py:93} INFO -   compiled Code at target/run/credit_card_dwh/models/staging/stg__credit_card.sql
[2024-03-22T19:06:38.178+0000] {subprocess.py:93} INFO - [0m19:06:38
[2024-03-22T19:06:38.179+0000] {subprocess.py:93} INFO - [0m19:06:38  Done. PASS=0 WARN=0 ERROR=1 SKIP=14 TOTAL=15
[2024-03-22T19:06:41.004+0000] {subprocess.py:97} INFO - Command exited with return code 1
[2024-03-22T19:06:41.013+0000] {taskinstance.py:2728} ERROR - Task failed with exception
Traceback (most recent call last):
  File "/home/airflow/.local/lib/python3.8/site-packages/airflow/models/taskinstance.py", line 444, in _execute_task
    result = _execute_callable(context=context, **execute_callable_kwargs)
  File "/home/airflow/.local/lib/python3.8/site-packages/airflow/models/taskinstance.py", line 414, in _execute_callable
    return execute_callable(context=context, **execute_callable_kwargs)
  File "/home/airflow/.local/lib/python3.8/site-packages/airflow/operators/bash.py", line 212, in execute
    raise AirflowException(
airflow.exceptions.AirflowException: Bash command failed. The command returned a non-zero exit code 1.
[2024-03-22T19:06:41.016+0000] {taskinstance.py:1149} INFO - Marking task as UP_FOR_RETRY. dag_id=my_first_dag, task_id=bash_task_2, execution_date=20240322T185019, start_date=20240322T190629, end_date=20240322T190641
[2024-03-22T19:06:41.026+0000] {standard_task_runner.py:107} ERROR - Failed to execute job 255 for task bash_task_2 (Bash command failed. The command returned a non-zero exit code 1.; 1339)
[2024-03-22T19:06:41.061+0000] {local_task_job_runner.py:234} INFO - Task exited with return code 1
[2024-03-22T19:06:41.073+0000] {taskinstance.py:3309} INFO - 0 downstream tasks scheduled from follow-on schedule check
