[2024-03-22T19:01:17.083+0000] {taskinstance.py:1979} INFO - Dependencies all met for dep_context=non-requeueable deps ti=<TaskInstance: my_first_dag.bash_task_2 manual__2024-03-22T18:50:19.723727+00:00 [queued]>
[2024-03-22T19:01:17.091+0000] {taskinstance.py:1979} INFO - Dependencies all met for dep_context=requeueable deps ti=<TaskInstance: my_first_dag.bash_task_2 manual__2024-03-22T18:50:19.723727+00:00 [queued]>
[2024-03-22T19:01:17.092+0000] {taskinstance.py:2193} INFO - Starting attempt 3 of 11
[2024-03-22T19:01:17.103+0000] {taskinstance.py:2214} INFO - Executing <Task(BashOperator): bash_task_2> on 2024-03-22 18:50:19.723727+00:00
[2024-03-22T19:01:17.106+0000] {standard_task_runner.py:60} INFO - Started process 1241 to run task
[2024-03-22T19:01:17.109+0000] {standard_task_runner.py:87} INFO - Running: ['***', 'tasks', 'run', 'my_first_dag', 'bash_task_2', 'manual__2024-03-22T18:50:19.723727+00:00', '--job-id', '254', '--raw', '--subdir', 'DAGS_FOLDER/running_dbt_core/running_dbt_core.py', '--cfg-path', '/tmp/tmp4kav236r']
[2024-03-22T19:01:17.110+0000] {standard_task_runner.py:88} INFO - Job 254: Subtask bash_task_2
[2024-03-22T19:01:17.143+0000] {task_command.py:423} INFO - Running <TaskInstance: my_first_dag.bash_task_2 manual__2024-03-22T18:50:19.723727+00:00 [running]> on host 428086c4ef09
[2024-03-22T19:01:17.201+0000] {taskinstance.py:2510} INFO - Exporting env vars: AIRFLOW_CTX_DAG_OWNER='proton' AIRFLOW_CTX_DAG_ID='my_first_dag' AIRFLOW_CTX_TASK_ID='bash_task_2' AIRFLOW_CTX_EXECUTION_DATE='2024-03-22T18:50:19.723727+00:00' AIRFLOW_CTX_TRY_NUMBER='3' AIRFLOW_CTX_DAG_RUN_ID='manual__2024-03-22T18:50:19.723727+00:00'
[2024-03-22T19:01:17.203+0000] {subprocess.py:63} INFO - Tmp dir root location: /tmp
[2024-03-22T19:01:17.203+0000] {subprocess.py:75} INFO - Running command: ['/usr/bin/bash', '-c', 'cd /opt/***/dbt/credit_card_dwh && dbt run --profiles-dir .']
[2024-03-22T19:01:17.210+0000] {subprocess.py:86} INFO - Output:
[2024-03-22T19:01:19.476+0000] {subprocess.py:93} INFO - [0m19:01:19  Running with dbt=1.7.10
[2024-03-22T19:01:20.375+0000] {subprocess.py:93} INFO - [0m19:01:20  Registered adapter: bigquery=1.7.6
[2024-03-22T19:01:20.564+0000] {subprocess.py:93} INFO - [0m19:01:20  Found 15 models, 5 seeds, 20 tests, 1 source, 0 exposures, 0 metrics, 870 macros, 0 groups, 0 semantic models
[2024-03-22T19:01:20.568+0000] {subprocess.py:93} INFO - [0m19:01:20
[2024-03-22T19:01:21.959+0000] {subprocess.py:93} INFO - [0m19:01:21  Concurrency: 4 threads (target='dev')
[2024-03-22T19:01:21.963+0000] {subprocess.py:93} INFO - [0m19:01:21
[2024-03-22T19:01:21.988+0000] {subprocess.py:93} INFO - [0m19:01:21  1 of 15 START sql view model final_project.stg__credit_card .................... [RUN]
[2024-03-22T19:01:25.168+0000] {subprocess.py:93} INFO - [0m19:01:25  BigQuery adapter: https://console.cloud.google.com/bigquery?project=forward-entity-411314&j=bq:US:7618f23b-1a19-49ef-8e84-1b1da18cc7a0&page=queryresults
[2024-03-22T19:01:25.175+0000] {subprocess.py:93} INFO - [0m19:01:25  1 of 15 ERROR creating sql view model final_project.stg__credit_card ........... [[31mERROR[0m in 3.18s]
[2024-03-22T19:01:25.181+0000] {subprocess.py:93} INFO - [0m19:01:25  2 of 15 SKIP relation final_project.dim__EDUCATION ............................. [[33mSKIP[0m]
[2024-03-22T19:01:25.182+0000] {subprocess.py:93} INFO - [0m19:01:25  3 of 15 SKIP relation final_project.dim__HOUSING ............................... [[33mSKIP[0m]
[2024-03-22T19:01:25.183+0000] {subprocess.py:93} INFO - [0m19:01:25  4 of 15 SKIP relation final_project.dim__INCOME ................................ [[33mSKIP[0m]
[2024-03-22T19:01:25.184+0000] {subprocess.py:93} INFO - [0m19:01:25  5 of 15 SKIP relation final_project.dim__JOB ................................... [[33mSKIP[0m]
[2024-03-22T19:01:25.192+0000] {subprocess.py:93} INFO - [0m19:01:25  6 of 15 SKIP relation final_project.dim__MARITAL ............................... [[33mSKIP[0m]
[2024-03-22T19:01:25.196+0000] {subprocess.py:93} INFO - [0m19:01:25  7 of 15 SKIP relation final_project.fact__tables ............................... [[33mSKIP[0m]
[2024-03-22T19:01:25.202+0000] {subprocess.py:93} INFO - [0m19:01:25  8 of 15 SKIP relation final_project.clustered__ASSET ........................... [[33mSKIP[0m]
[2024-03-22T19:01:25.203+0000] {subprocess.py:93} INFO - [0m19:01:25  9 of 15 SKIP relation final_project.clustered__ASSET_CAR ....................... [[33mSKIP[0m]
[2024-03-22T19:01:25.204+0000] {subprocess.py:93} INFO - [0m19:01:25  10 of 15 SKIP relation final_project.clustered__EDUCATION ...................... [[33mSKIP[0m]
[2024-03-22T19:01:25.205+0000] {subprocess.py:93} INFO - [0m19:01:25  11 of 15 SKIP relation final_project.clustered__INCOME ......................... [[33mSKIP[0m]
[2024-03-22T19:01:25.215+0000] {subprocess.py:93} INFO - [0m19:01:25  12 of 15 SKIP relation final_project.clustered__JOB ............................ [[33mSKIP[0m]
[2024-03-22T19:01:25.216+0000] {subprocess.py:93} INFO - [0m19:01:25  13 of 15 SKIP relation final_project.clustered__MARITAL ........................ [[33mSKIP[0m]
[2024-03-22T19:01:25.217+0000] {subprocess.py:93} INFO - [0m19:01:25  14 of 15 SKIP relation final_project.nested__FRAUD ............................. [[33mSKIP[0m]
[2024-03-22T19:01:25.219+0000] {subprocess.py:93} INFO - [0m19:01:25  15 of 15 SKIP relation final_project.partitioned__dates ........................ [[33mSKIP[0m]
[2024-03-22T19:01:25.228+0000] {subprocess.py:93} INFO - [0m19:01:25
[2024-03-22T19:01:25.229+0000] {subprocess.py:93} INFO - [0m19:01:25  Finished running 6 view models, 9 table models in 0 hours 0 minutes and 4.66 seconds (4.66s).
[2024-03-22T19:01:25.251+0000] {subprocess.py:93} INFO - [0m19:01:25
[2024-03-22T19:01:25.252+0000] {subprocess.py:93} INFO - [0m19:01:25  [31mCompleted with 1 error and 0 warnings:[0m
[2024-03-22T19:01:25.253+0000] {subprocess.py:93} INFO - [0m19:01:25
[2024-03-22T19:01:25.254+0000] {subprocess.py:93} INFO - [0m19:01:25    Database Error in model stg__credit_card (models/staging/stg__credit_card.sql)
[2024-03-22T19:01:25.255+0000] {subprocess.py:93} INFO -   Unrecognized name: YEARS_BIRTH; Did you mean DAYS_BIRTH? at [23:5]
[2024-03-22T19:01:25.255+0000] {subprocess.py:93} INFO -   compiled Code at target/run/credit_card_dwh/models/staging/stg__credit_card.sql
[2024-03-22T19:01:25.255+0000] {subprocess.py:93} INFO - [0m19:01:25
[2024-03-22T19:01:25.256+0000] {subprocess.py:93} INFO - [0m19:01:25  Done. PASS=0 WARN=0 ERROR=1 SKIP=14 TOTAL=15
[2024-03-22T19:01:27.892+0000] {subprocess.py:97} INFO - Command exited with return code 1
[2024-03-22T19:01:27.900+0000] {taskinstance.py:2728} ERROR - Task failed with exception
Traceback (most recent call last):
  File "/home/airflow/.local/lib/python3.8/site-packages/airflow/models/taskinstance.py", line 444, in _execute_task
    result = _execute_callable(context=context, **execute_callable_kwargs)
  File "/home/airflow/.local/lib/python3.8/site-packages/airflow/models/taskinstance.py", line 414, in _execute_callable
    return execute_callable(context=context, **execute_callable_kwargs)
  File "/home/airflow/.local/lib/python3.8/site-packages/airflow/operators/bash.py", line 212, in execute
    raise AirflowException(
airflow.exceptions.AirflowException: Bash command failed. The command returned a non-zero exit code 1.
[2024-03-22T19:01:27.903+0000] {taskinstance.py:1149} INFO - Marking task as UP_FOR_RETRY. dag_id=my_first_dag, task_id=bash_task_2, execution_date=20240322T185019, start_date=20240322T190117, end_date=20240322T190127
[2024-03-22T19:01:27.913+0000] {standard_task_runner.py:107} ERROR - Failed to execute job 254 for task bash_task_2 (Bash command failed. The command returned a non-zero exit code 1.; 1241)
[2024-03-22T19:01:27.923+0000] {local_task_job_runner.py:234} INFO - Task exited with return code 1
[2024-03-22T19:01:27.934+0000] {taskinstance.py:3309} INFO - 0 downstream tasks scheduled from follow-on schedule check
