[2024-03-30T19:20:42.976+0000] {taskinstance.py:1979} INFO - Dependencies all met for dep_context=non-requeueable deps ti=<TaskInstance: study_case_etl_all_pipeline.bash_task_2 manual__2024-03-30T19:20:10.292203+00:00 [queued]>
[2024-03-30T19:20:42.983+0000] {taskinstance.py:1979} INFO - Dependencies all met for dep_context=requeueable deps ti=<TaskInstance: study_case_etl_all_pipeline.bash_task_2 manual__2024-03-30T19:20:10.292203+00:00 [queued]>
[2024-03-30T19:20:42.984+0000] {taskinstance.py:2193} INFO - Starting attempt 1 of 2
[2024-03-30T19:20:42.994+0000] {taskinstance.py:2214} INFO - Executing <Task(BashOperator): bash_task_2> on 2024-03-30 19:20:10.292203+00:00
[2024-03-30T19:20:42.999+0000] {standard_task_runner.py:60} INFO - Started process 2280 to run task
[2024-03-30T19:20:43.003+0000] {standard_task_runner.py:87} INFO - Running: ['***', 'tasks', 'run', 'study_case_etl_all_pipeline', 'bash_task_2', 'manual__2024-03-30T19:20:10.292203+00:00', '--job-id', '174', '--raw', '--subdir', 'DAGS_FOLDER/running_dbt_core/study_case_etl_all_pipeline.py', '--cfg-path', '/tmp/tmpr94rna1j']
[2024-03-30T19:20:43.008+0000] {standard_task_runner.py:88} INFO - Job 174: Subtask bash_task_2
[2024-03-30T19:20:43.045+0000] {task_command.py:423} INFO - Running <TaskInstance: study_case_etl_all_pipeline.bash_task_2 manual__2024-03-30T19:20:10.292203+00:00 [running]> on host f5156ab87ac1
[2024-03-30T19:20:43.114+0000] {taskinstance.py:2510} INFO - Exporting env vars: AIRFLOW_CTX_DAG_OWNER='Agus mahari' AIRFLOW_CTX_DAG_ID='study_case_etl_all_pipeline' AIRFLOW_CTX_TASK_ID='bash_task_2' AIRFLOW_CTX_EXECUTION_DATE='2024-03-30T19:20:10.292203+00:00' AIRFLOW_CTX_TRY_NUMBER='1' AIRFLOW_CTX_DAG_RUN_ID='manual__2024-03-30T19:20:10.292203+00:00'
[2024-03-30T19:20:43.116+0000] {subprocess.py:63} INFO - Tmp dir root location: /tmp
[2024-03-30T19:20:43.117+0000] {subprocess.py:75} INFO - Running command: ['/usr/bin/bash', '-c', 'cd /opt/***/dbt/credit_card_dwh && dbt run --profiles-dir .']
[2024-03-30T19:20:43.126+0000] {subprocess.py:86} INFO - Output:
[2024-03-30T19:20:45.441+0000] {subprocess.py:93} INFO - [0m19:20:45  Running with dbt=1.7.11
[2024-03-30T19:20:46.395+0000] {subprocess.py:93} INFO - [0m19:20:46  Registered adapter: bigquery=1.7.7
[2024-03-30T19:20:46.443+0000] {subprocess.py:93} INFO - [0m19:20:46  Unable to do partial parsing because profile has changed
[2024-03-30T19:20:48.879+0000] {subprocess.py:93} INFO - [0m19:20:48  Found 1 model, 2 tests, 1 source, 0 exposures, 0 metrics, 907 macros, 0 groups, 0 semantic models
[2024-03-30T19:20:48.882+0000] {subprocess.py:93} INFO - [0m19:20:48
[2024-03-30T19:20:50.410+0000] {subprocess.py:93} INFO - [0m19:20:50  Concurrency: 4 threads (target='dev')
[2024-03-30T19:20:50.415+0000] {subprocess.py:93} INFO - [0m19:20:50
[2024-03-30T19:20:50.445+0000] {subprocess.py:93} INFO - [0m19:20:50  1 of 1 START sql incremental model location_test.stg__credit_card .............. [RUN]
[2024-03-30T19:20:54.732+0000] {subprocess.py:93} INFO - [0m19:20:54  BigQuery adapter: https://console.cloud.google.com/bigquery?project=forward-entity-411314&j=bq:US:1d53e704-1266-4f7f-b87f-7053ec7908d9&page=queryresults
[2024-03-30T19:20:54.749+0000] {subprocess.py:93} INFO - [0m19:20:54  1 of 1 ERROR creating sql incremental model location_test.stg__credit_card ..... [[31mERROR[0m in 4.30s]
[2024-03-30T19:20:54.761+0000] {subprocess.py:93} INFO - [0m19:20:54
[2024-03-30T19:20:54.763+0000] {subprocess.py:93} INFO - [0m19:20:54  Finished running 1 incremental model in 0 hours 0 minutes and 5.88 seconds (5.88s).
[2024-03-30T19:20:54.782+0000] {subprocess.py:93} INFO - [0m19:20:54
[2024-03-30T19:20:54.783+0000] {subprocess.py:93} INFO - [0m19:20:54  [31mCompleted with 1 error and 0 warnings:[0m
[2024-03-30T19:20:54.784+0000] {subprocess.py:93} INFO - [0m19:20:54
[2024-03-30T19:20:54.785+0000] {subprocess.py:93} INFO - [0m19:20:54    Database Error in model stg__credit_card (models/staging/stg__credit_card.sql)
[2024-03-30T19:20:54.786+0000] {subprocess.py:93} INFO -   Cannot read and write in different locations: source: asia-southeast2, destination: US
[2024-03-30T19:20:54.786+0000] {subprocess.py:93} INFO -   compiled Code at target/run/credit_card_dwh/models/staging/stg__credit_card.sql
[2024-03-30T19:20:54.787+0000] {subprocess.py:93} INFO - [0m19:20:54
[2024-03-30T19:20:54.787+0000] {subprocess.py:93} INFO - [0m19:20:54  Done. PASS=0 WARN=0 ERROR=1 SKIP=0 TOTAL=1
[2024-03-30T19:20:57.519+0000] {subprocess.py:97} INFO - Command exited with return code 1
[2024-03-30T19:20:57.527+0000] {taskinstance.py:2728} ERROR - Task failed with exception
Traceback (most recent call last):
  File "/home/airflow/.local/lib/python3.8/site-packages/airflow/models/taskinstance.py", line 444, in _execute_task
    result = _execute_callable(context=context, **execute_callable_kwargs)
  File "/home/airflow/.local/lib/python3.8/site-packages/airflow/models/taskinstance.py", line 414, in _execute_callable
    return execute_callable(context=context, **execute_callable_kwargs)
  File "/home/airflow/.local/lib/python3.8/site-packages/airflow/operators/bash.py", line 212, in execute
    raise AirflowException(
airflow.exceptions.AirflowException: Bash command failed. The command returned a non-zero exit code 1.
[2024-03-30T19:20:57.530+0000] {taskinstance.py:1149} INFO - Marking task as UP_FOR_RETRY. dag_id=study_case_etl_all_pipeline, task_id=bash_task_2, execution_date=20240330T192010, start_date=20240330T192042, end_date=20240330T192057
[2024-03-30T19:20:57.543+0000] {standard_task_runner.py:107} ERROR - Failed to execute job 174 for task bash_task_2 (Bash command failed. The command returned a non-zero exit code 1.; 2280)
[2024-03-30T19:20:57.588+0000] {local_task_job_runner.py:234} INFO - Task exited with return code 1
[2024-03-30T19:20:57.606+0000] {taskinstance.py:3309} INFO - 0 downstream tasks scheduled from follow-on schedule check
