[2024-03-30T16:45:10.355+0000] {taskinstance.py:1979} INFO - Dependencies all met for dep_context=non-requeueable deps ti=<TaskInstance: study_case_etl_all_pipeline.bash_task_1 manual__2024-03-30T16:44:41.274686+00:00 [queued]>
[2024-03-30T16:45:10.363+0000] {taskinstance.py:1979} INFO - Dependencies all met for dep_context=requeueable deps ti=<TaskInstance: study_case_etl_all_pipeline.bash_task_1 manual__2024-03-30T16:44:41.274686+00:00 [queued]>
[2024-03-30T16:45:10.363+0000] {taskinstance.py:2193} INFO - Starting attempt 1 of 2
[2024-03-30T16:45:10.375+0000] {taskinstance.py:2214} INFO - Executing <Task(BashOperator): bash_task_1> on 2024-03-30 16:44:41.274686+00:00
[2024-03-30T16:45:10.380+0000] {standard_task_runner.py:60} INFO - Started process 7704 to run task
[2024-03-30T16:45:10.384+0000] {standard_task_runner.py:87} INFO - Running: ['***', 'tasks', 'run', 'study_case_etl_all_pipeline', 'bash_task_1', 'manual__2024-03-30T16:44:41.274686+00:00', '--job-id', '89', '--raw', '--subdir', 'DAGS_FOLDER/running_dbt_core/study_case_etl_all_pipeline.py', '--cfg-path', '/tmp/tmphot618u8']
[2024-03-30T16:45:10.386+0000] {standard_task_runner.py:88} INFO - Job 89: Subtask bash_task_1
[2024-03-30T16:45:10.423+0000] {task_command.py:423} INFO - Running <TaskInstance: study_case_etl_all_pipeline.bash_task_1 manual__2024-03-30T16:44:41.274686+00:00 [running]> on host 8e1e687a7cdb
[2024-03-30T16:45:10.487+0000] {taskinstance.py:2510} INFO - Exporting env vars: AIRFLOW_CTX_DAG_OWNER='Agus mahari' AIRFLOW_CTX_DAG_ID='study_case_etl_all_pipeline' AIRFLOW_CTX_TASK_ID='bash_task_1' AIRFLOW_CTX_EXECUTION_DATE='2024-03-30T16:44:41.274686+00:00' AIRFLOW_CTX_TRY_NUMBER='1' AIRFLOW_CTX_DAG_RUN_ID='manual__2024-03-30T16:44:41.274686+00:00'
[2024-03-30T16:45:10.489+0000] {subprocess.py:63} INFO - Tmp dir root location: /tmp
[2024-03-30T16:45:10.490+0000] {subprocess.py:75} INFO - Running command: ['/usr/bin/bash', '-c', 'cd /opt/***/dbt/credit_card_dwh && dbt deps && dbt seed --profiles-dir .']
[2024-03-30T16:45:10.503+0000] {subprocess.py:86} INFO - Output:
[2024-03-30T16:45:12.860+0000] {subprocess.py:93} INFO - [0m16:45:12  Running with dbt=1.7.11
[2024-03-30T16:45:15.342+0000] {subprocess.py:93} INFO - [0m16:45:15  Installing dbt-labs/dbt_utils
[2024-03-30T16:45:15.986+0000] {subprocess.py:93} INFO - [0m16:45:15  Installed from version 0.8.0
[2024-03-30T16:45:15.987+0000] {subprocess.py:93} INFO - [0m16:45:15  Updated version available: 1.1.1
[2024-03-30T16:45:15.989+0000] {subprocess.py:93} INFO - [0m16:45:15  Installing calogica/dbt_expectations
[2024-03-30T16:45:19.649+0000] {subprocess.py:93} INFO - [0m16:45:19  Installed from version 0.10.3
[2024-03-30T16:45:19.651+0000] {subprocess.py:93} INFO - [0m16:45:19  Up to date!
[2024-03-30T16:45:19.654+0000] {subprocess.py:93} INFO - [0m16:45:19  Installing calogica/dbt_date
[2024-03-30T16:45:20.213+0000] {subprocess.py:93} INFO - [0m16:45:20  Installed from version 0.10.0
[2024-03-30T16:45:20.215+0000] {subprocess.py:93} INFO - [0m16:45:20  Up to date!
[2024-03-30T16:45:20.218+0000] {subprocess.py:93} INFO - [0m16:45:20
[2024-03-30T16:45:20.219+0000] {subprocess.py:93} INFO - [0m16:45:20  Updates available for packages: ['dbt-labs/dbt_utils']
[2024-03-30T16:45:20.219+0000] {subprocess.py:93} INFO - Update your versions in packages.yml, then run dbt deps
[2024-03-30T16:45:25.722+0000] {subprocess.py:93} INFO - [0m16:45:25  Running with dbt=1.7.11
[2024-03-30T16:45:26.738+0000] {subprocess.py:93} INFO - [0m16:45:26  Registered adapter: bigquery=1.7.7
[2024-03-30T16:45:26.806+0000] {subprocess.py:93} INFO - [0m16:45:26  Unable to do partial parsing because of a version mismatch
[2024-03-30T16:45:28.956+0000] {subprocess.py:93} INFO - [0m16:45:28  [[33mWARNING[0m]: Found patch for macro "decode_EDUCATION" which was not found
[2024-03-30T16:45:28.958+0000] {subprocess.py:93} INFO - [0m16:45:28  [[33mWARNING[0m]: Found patch for macro "decode_HOUSING" which was not found
[2024-03-30T16:45:28.960+0000] {subprocess.py:93} INFO - [0m16:45:28  [[33mWARNING[0m]: Found patch for macro "decode_INCOME" which was not found
[2024-03-30T16:45:28.963+0000] {subprocess.py:93} INFO - [0m16:45:28  [[33mWARNING[0m]: Found patch for macro "decode_JOB" which was not found
[2024-03-30T16:45:28.965+0000] {subprocess.py:93} INFO - [0m16:45:28  [[33mWARNING[0m]: Found patch for macro "decode_MARITAL" which was not found
[2024-03-30T16:45:28.966+0000] {subprocess.py:93} INFO - [0m16:45:28  Encountered an error:
[2024-03-30T16:45:28.967+0000] {subprocess.py:93} INFO - Compilation Error
[2024-03-30T16:45:28.968+0000] {subprocess.py:93} INFO -   Model 'model.credit_card_dwh.stg__credit_card' (models/staging/stg__credit_card.sql) depends on a source named 'agusmahari_data_lake.raw_credit_card' which was not found
[2024-03-30T16:45:31.253+0000] {subprocess.py:97} INFO - Command exited with return code 2
[2024-03-30T16:45:31.263+0000] {taskinstance.py:2728} ERROR - Task failed with exception
Traceback (most recent call last):
  File "/home/airflow/.local/lib/python3.8/site-packages/airflow/models/taskinstance.py", line 444, in _execute_task
    result = _execute_callable(context=context, **execute_callable_kwargs)
  File "/home/airflow/.local/lib/python3.8/site-packages/airflow/models/taskinstance.py", line 414, in _execute_callable
    return execute_callable(context=context, **execute_callable_kwargs)
  File "/home/airflow/.local/lib/python3.8/site-packages/airflow/operators/bash.py", line 212, in execute
    raise AirflowException(
airflow.exceptions.AirflowException: Bash command failed. The command returned a non-zero exit code 2.
[2024-03-30T16:45:31.266+0000] {taskinstance.py:1149} INFO - Marking task as UP_FOR_RETRY. dag_id=study_case_etl_all_pipeline, task_id=bash_task_1, execution_date=20240330T164441, start_date=20240330T164510, end_date=20240330T164531
[2024-03-30T16:45:31.277+0000] {standard_task_runner.py:107} ERROR - Failed to execute job 89 for task bash_task_1 (Bash command failed. The command returned a non-zero exit code 2.; 7704)
[2024-03-30T16:45:31.313+0000] {local_task_job_runner.py:234} INFO - Task exited with return code 1
[2024-03-30T16:45:31.333+0000] {taskinstance.py:3309} INFO - 0 downstream tasks scheduled from follow-on schedule check
