[2024-03-30T19:41:37.343+0000] {taskinstance.py:1979} INFO - Dependencies all met for dep_context=non-requeueable deps ti=<TaskInstance: study_case_etl_all_pipeline.bash_task_2 manual__2024-03-30T19:41:03.129131+00:00 [queued]>
[2024-03-30T19:41:37.351+0000] {taskinstance.py:1979} INFO - Dependencies all met for dep_context=requeueable deps ti=<TaskInstance: study_case_etl_all_pipeline.bash_task_2 manual__2024-03-30T19:41:03.129131+00:00 [queued]>
[2024-03-30T19:41:37.352+0000] {taskinstance.py:2193} INFO - Starting attempt 1 of 2
[2024-03-30T19:41:37.362+0000] {taskinstance.py:2214} INFO - Executing <Task(BashOperator): bash_task_2> on 2024-03-30 19:41:03.129131+00:00
[2024-03-30T19:41:37.368+0000] {standard_task_runner.py:60} INFO - Started process 2729 to run task
[2024-03-30T19:41:37.371+0000] {standard_task_runner.py:87} INFO - Running: ['***', 'tasks', 'run', 'study_case_etl_all_pipeline', 'bash_task_2', 'manual__2024-03-30T19:41:03.129131+00:00', '--job-id', '189', '--raw', '--subdir', 'DAGS_FOLDER/running_dbt_core/study_case_etl_all_pipeline.py', '--cfg-path', '/tmp/tmp0mwfydfz']
[2024-03-30T19:41:37.375+0000] {standard_task_runner.py:88} INFO - Job 189: Subtask bash_task_2
[2024-03-30T19:41:37.410+0000] {task_command.py:423} INFO - Running <TaskInstance: study_case_etl_all_pipeline.bash_task_2 manual__2024-03-30T19:41:03.129131+00:00 [running]> on host f5156ab87ac1
[2024-03-30T19:41:37.470+0000] {taskinstance.py:2510} INFO - Exporting env vars: AIRFLOW_CTX_DAG_OWNER='Agus mahari' AIRFLOW_CTX_DAG_ID='study_case_etl_all_pipeline' AIRFLOW_CTX_TASK_ID='bash_task_2' AIRFLOW_CTX_EXECUTION_DATE='2024-03-30T19:41:03.129131+00:00' AIRFLOW_CTX_TRY_NUMBER='1' AIRFLOW_CTX_DAG_RUN_ID='manual__2024-03-30T19:41:03.129131+00:00'
[2024-03-30T19:41:37.472+0000] {subprocess.py:63} INFO - Tmp dir root location: /tmp
[2024-03-30T19:41:37.472+0000] {subprocess.py:75} INFO - Running command: ['/usr/bin/bash', '-c', 'cd /opt/***/dbt/credit_card_dwh && dbt run --profiles-dir .']
[2024-03-30T19:41:37.481+0000] {subprocess.py:86} INFO - Output:
[2024-03-30T19:41:39.844+0000] {subprocess.py:93} INFO - [0m19:41:39  Running with dbt=1.7.11
[2024-03-30T19:41:40.744+0000] {subprocess.py:93} INFO - [0m19:41:40  Registered adapter: bigquery=1.7.7
[2024-03-30T19:41:40.900+0000] {subprocess.py:93} INFO - [0m19:41:40  Found 1 model, 2 tests, 1 source, 0 exposures, 0 metrics, 907 macros, 0 groups, 0 semantic models
[2024-03-30T19:41:40.904+0000] {subprocess.py:93} INFO - [0m19:41:40
[2024-03-30T19:41:42.361+0000] {subprocess.py:93} INFO - [0m19:41:42  Concurrency: 4 threads (target='dev')
[2024-03-30T19:41:42.362+0000] {subprocess.py:93} INFO - [0m19:41:42
[2024-03-30T19:41:42.371+0000] {subprocess.py:93} INFO - [0m19:41:42  1 of 1 START sql incremental model test_location.stg__credit_card .............. [RUN]
[2024-03-30T19:41:45.714+0000] {subprocess.py:93} INFO - [0m19:41:45  BigQuery adapter: https://console.cloud.google.com/bigquery?project=forward-entity-411314&j=bq:US:cc9508e3-150d-4639-ac3f-4e38459af746&page=queryresults
[2024-03-30T19:41:45.721+0000] {subprocess.py:93} INFO - [0m19:41:45  1 of 1 ERROR creating sql incremental model test_location.stg__credit_card ..... [[31mERROR[0m in 3.35s]
[2024-03-30T19:41:45.726+0000] {subprocess.py:93} INFO - [0m19:41:45
[2024-03-30T19:41:45.728+0000] {subprocess.py:93} INFO - [0m19:41:45  Finished running 1 incremental model in 0 hours 0 minutes and 4.82 seconds (4.82s).
[2024-03-30T19:41:45.746+0000] {subprocess.py:93} INFO - [0m19:41:45
[2024-03-30T19:41:45.747+0000] {subprocess.py:93} INFO - [0m19:41:45  [31mCompleted with 1 error and 0 warnings:[0m
[2024-03-30T19:41:45.748+0000] {subprocess.py:93} INFO - [0m19:41:45
[2024-03-30T19:41:45.749+0000] {subprocess.py:93} INFO - [0m19:41:45    Database Error in model stg__credit_card (models/staging/stg__credit_card.sql)
[2024-03-30T19:41:45.749+0000] {subprocess.py:93} INFO -   Cannot read and write in different locations: source: asia-southeast2, destination: US
[2024-03-30T19:41:45.750+0000] {subprocess.py:93} INFO -   compiled Code at target/run/credit_card_dwh/models/staging/stg__credit_card.sql
[2024-03-30T19:41:45.750+0000] {subprocess.py:93} INFO - [0m19:41:45
[2024-03-30T19:41:45.751+0000] {subprocess.py:93} INFO - [0m19:41:45  Done. PASS=0 WARN=0 ERROR=1 SKIP=0 TOTAL=1
[2024-03-30T19:41:49.068+0000] {subprocess.py:97} INFO - Command exited with return code 1
[2024-03-30T19:41:49.076+0000] {taskinstance.py:2728} ERROR - Task failed with exception
Traceback (most recent call last):
  File "/home/airflow/.local/lib/python3.8/site-packages/airflow/models/taskinstance.py", line 444, in _execute_task
    result = _execute_callable(context=context, **execute_callable_kwargs)
  File "/home/airflow/.local/lib/python3.8/site-packages/airflow/models/taskinstance.py", line 414, in _execute_callable
    return execute_callable(context=context, **execute_callable_kwargs)
  File "/home/airflow/.local/lib/python3.8/site-packages/airflow/operators/bash.py", line 212, in execute
    raise AirflowException(
airflow.exceptions.AirflowException: Bash command failed. The command returned a non-zero exit code 1.
[2024-03-30T19:41:49.079+0000] {taskinstance.py:1149} INFO - Marking task as UP_FOR_RETRY. dag_id=study_case_etl_all_pipeline, task_id=bash_task_2, execution_date=20240330T194103, start_date=20240330T194137, end_date=20240330T194149
[2024-03-30T19:41:49.089+0000] {standard_task_runner.py:107} ERROR - Failed to execute job 189 for task bash_task_2 (Bash command failed. The command returned a non-zero exit code 1.; 2729)
[2024-03-30T19:41:49.125+0000] {local_task_job_runner.py:234} INFO - Task exited with return code 1
[2024-03-30T19:41:49.149+0000] {taskinstance.py:3309} INFO - 0 downstream tasks scheduled from follow-on schedule check
