[2024-03-22T18:38:45.304+0000] {taskinstance.py:1979} INFO - Dependencies all met for dep_context=non-requeueable deps ti=<TaskInstance: my_first_dag.bash_task_2 manual__2024-03-22T18:38:01.339954+00:00 [queued]>
[2024-03-22T18:38:45.312+0000] {taskinstance.py:1979} INFO - Dependencies all met for dep_context=requeueable deps ti=<TaskInstance: my_first_dag.bash_task_2 manual__2024-03-22T18:38:01.339954+00:00 [queued]>
[2024-03-22T18:38:45.313+0000] {taskinstance.py:2193} INFO - Starting attempt 1 of 11
[2024-03-22T18:38:45.324+0000] {taskinstance.py:2214} INFO - Executing <Task(BashOperator): bash_task_2> on 2024-03-22 18:38:01.339954+00:00
[2024-03-22T18:38:45.327+0000] {standard_task_runner.py:60} INFO - Started process 779 to run task
[2024-03-22T18:38:45.330+0000] {standard_task_runner.py:87} INFO - Running: ['***', 'tasks', 'run', 'my_first_dag', 'bash_task_2', 'manual__2024-03-22T18:38:01.339954+00:00', '--job-id', '247', '--raw', '--subdir', 'DAGS_FOLDER/running_dbt_core/running_dbt_core.py', '--cfg-path', '/tmp/tmpc28kar25']
[2024-03-22T18:38:45.331+0000] {standard_task_runner.py:88} INFO - Job 247: Subtask bash_task_2
[2024-03-22T18:38:45.369+0000] {task_command.py:423} INFO - Running <TaskInstance: my_first_dag.bash_task_2 manual__2024-03-22T18:38:01.339954+00:00 [running]> on host 428086c4ef09
[2024-03-22T18:38:45.428+0000] {taskinstance.py:2510} INFO - Exporting env vars: AIRFLOW_CTX_DAG_OWNER='proton' AIRFLOW_CTX_DAG_ID='my_first_dag' AIRFLOW_CTX_TASK_ID='bash_task_2' AIRFLOW_CTX_EXECUTION_DATE='2024-03-22T18:38:01.339954+00:00' AIRFLOW_CTX_TRY_NUMBER='1' AIRFLOW_CTX_DAG_RUN_ID='manual__2024-03-22T18:38:01.339954+00:00'
[2024-03-22T18:38:45.429+0000] {subprocess.py:63} INFO - Tmp dir root location: /tmp
[2024-03-22T18:38:45.430+0000] {subprocess.py:75} INFO - Running command: ['/usr/bin/bash', '-c', 'cd /opt/***/dbt/credit_card_dwh && dbt run --profiles-dir .']
[2024-03-22T18:38:45.438+0000] {subprocess.py:86} INFO - Output:
[2024-03-22T18:38:47.975+0000] {subprocess.py:93} INFO - [0m18:38:47  Running with dbt=1.7.10
[2024-03-22T18:38:49.123+0000] {subprocess.py:93} INFO - [0m18:38:49  Registered adapter: bigquery=1.7.6
[2024-03-22T18:38:49.311+0000] {subprocess.py:93} INFO - [0m18:38:49  Found 15 models, 5 seeds, 20 tests, 1 source, 0 exposures, 0 metrics, 870 macros, 0 groups, 0 semantic models
[2024-03-22T18:38:49.315+0000] {subprocess.py:93} INFO - [0m18:38:49
[2024-03-22T18:38:50.624+0000] {subprocess.py:93} INFO - [0m18:38:50  Concurrency: 4 threads (target='dev')
[2024-03-22T18:38:50.629+0000] {subprocess.py:93} INFO - [0m18:38:50
[2024-03-22T18:38:50.660+0000] {subprocess.py:93} INFO - [0m18:38:50  1 of 15 START sql view model final_project.stg__credit_card .................... [RUN]
[2024-03-22T18:38:51.532+0000] {subprocess.py:93} INFO - [0m18:38:51  1 of 15 ERROR creating sql view model final_project.stg__credit_card ........... [[31mERROR[0m in 0.87s]
[2024-03-22T18:38:51.538+0000] {subprocess.py:93} INFO - [0m18:38:51  2 of 15 SKIP relation final_project.dim__EDUCATION ............................. [[33mSKIP[0m]
[2024-03-22T18:38:51.539+0000] {subprocess.py:93} INFO - [0m18:38:51  3 of 15 SKIP relation final_project.dim__HOUSING ............................... [[33mSKIP[0m]
[2024-03-22T18:38:51.540+0000] {subprocess.py:93} INFO - [0m18:38:51  4 of 15 SKIP relation final_project.dim__INCOME ................................ [[33mSKIP[0m]
[2024-03-22T18:38:51.542+0000] {subprocess.py:93} INFO - [0m18:38:51  5 of 15 SKIP relation final_project.dim__JOB ................................... [[33mSKIP[0m]
[2024-03-22T18:38:51.551+0000] {subprocess.py:93} INFO - [0m18:38:51  6 of 15 SKIP relation final_project.dim__MARITAL ............................... [[33mSKIP[0m]
[2024-03-22T18:38:51.555+0000] {subprocess.py:93} INFO - [0m18:38:51  7 of 15 SKIP relation final_project.fact__tables ............................... [[33mSKIP[0m]
[2024-03-22T18:38:51.561+0000] {subprocess.py:93} INFO - [0m18:38:51  8 of 15 SKIP relation final_project.clustered__ASSET ........................... [[33mSKIP[0m]
[2024-03-22T18:38:51.562+0000] {subprocess.py:93} INFO - [0m18:38:51  9 of 15 SKIP relation final_project.clustered__ASSET_CAR ....................... [[33mSKIP[0m]
[2024-03-22T18:38:51.563+0000] {subprocess.py:93} INFO - [0m18:38:51  10 of 15 SKIP relation final_project.clustered__EDUCATION ...................... [[33mSKIP[0m]
[2024-03-22T18:38:51.565+0000] {subprocess.py:93} INFO - [0m18:38:51  11 of 15 SKIP relation final_project.clustered__INCOME ......................... [[33mSKIP[0m]
[2024-03-22T18:38:51.574+0000] {subprocess.py:93} INFO - [0m18:38:51  12 of 15 SKIP relation final_project.clustered__JOB ............................ [[33mSKIP[0m]
[2024-03-22T18:38:51.576+0000] {subprocess.py:93} INFO - [0m18:38:51  13 of 15 SKIP relation final_project.clustered__MARITAL ........................ [[33mSKIP[0m]
[2024-03-22T18:38:51.577+0000] {subprocess.py:93} INFO - [0m18:38:51  14 of 15 SKIP relation final_project.nested__FRAUD ............................. [[33mSKIP[0m]
[2024-03-22T18:38:51.578+0000] {subprocess.py:93} INFO - [0m18:38:51  15 of 15 SKIP relation final_project.partitioned__dates ........................ [[33mSKIP[0m]
[2024-03-22T18:38:51.587+0000] {subprocess.py:93} INFO - [0m18:38:51
[2024-03-22T18:38:51.588+0000] {subprocess.py:93} INFO - [0m18:38:51  Finished running 6 view models, 9 table models in 0 hours 0 minutes and 2.27 seconds (2.27s).
[2024-03-22T18:38:51.611+0000] {subprocess.py:93} INFO - [0m18:38:51
[2024-03-22T18:38:51.612+0000] {subprocess.py:93} INFO - [0m18:38:51  [31mCompleted with 1 error and 0 warnings:[0m
[2024-03-22T18:38:51.614+0000] {subprocess.py:93} INFO - [0m18:38:51
[2024-03-22T18:38:51.615+0000] {subprocess.py:93} INFO - [0m18:38:51    Runtime Error in model stg__credit_card (models/staging/stg__credit_card.sql)
[2024-03-22T18:38:51.615+0000] {subprocess.py:93} INFO -   404 Not found: Table forward-entity-411314:final_project.raw_credit_card was not found in location US; reason: notFound, message: Not found: Table forward-entity-411314:final_project.raw_credit_card was not found in location US
[2024-03-22T18:38:51.616+0000] {subprocess.py:93} INFO - 
[2024-03-22T18:38:51.616+0000] {subprocess.py:93} INFO -   Location: US
[2024-03-22T18:38:51.617+0000] {subprocess.py:93} INFO -   Job ID: 441dbd9a-4927-4319-89dd-2ddfb4b3a520
[2024-03-22T18:38:51.617+0000] {subprocess.py:93} INFO - 
[2024-03-22T18:38:51.617+0000] {subprocess.py:93} INFO - [0m18:38:51
[2024-03-22T18:38:51.618+0000] {subprocess.py:93} INFO - [0m18:38:51  Done. PASS=0 WARN=0 ERROR=1 SKIP=14 TOTAL=15
[2024-03-22T18:38:53.676+0000] {subprocess.py:97} INFO - Command exited with return code 1
[2024-03-22T18:38:53.684+0000] {taskinstance.py:2728} ERROR - Task failed with exception
Traceback (most recent call last):
  File "/home/airflow/.local/lib/python3.8/site-packages/airflow/models/taskinstance.py", line 444, in _execute_task
    result = _execute_callable(context=context, **execute_callable_kwargs)
  File "/home/airflow/.local/lib/python3.8/site-packages/airflow/models/taskinstance.py", line 414, in _execute_callable
    return execute_callable(context=context, **execute_callable_kwargs)
  File "/home/airflow/.local/lib/python3.8/site-packages/airflow/operators/bash.py", line 212, in execute
    raise AirflowException(
airflow.exceptions.AirflowException: Bash command failed. The command returned a non-zero exit code 1.
[2024-03-22T18:38:53.687+0000] {taskinstance.py:1149} INFO - Marking task as UP_FOR_RETRY. dag_id=my_first_dag, task_id=bash_task_2, execution_date=20240322T183801, start_date=20240322T183845, end_date=20240322T183853
[2024-03-22T18:38:53.698+0000] {standard_task_runner.py:107} ERROR - Failed to execute job 247 for task bash_task_2 (Bash command failed. The command returned a non-zero exit code 1.; 779)
[2024-03-22T18:38:53.733+0000] {local_task_job_runner.py:234} INFO - Task exited with return code 1
[2024-03-22T18:38:53.744+0000] {taskinstance.py:3309} INFO - 0 downstream tasks scheduled from follow-on schedule check
