[2024-03-22T18:49:03.211+0000] {taskinstance.py:1979} INFO - Dependencies all met for dep_context=non-requeueable deps ti=<TaskInstance: my_first_dag.bash_task_2 manual__2024-03-22T18:38:01.339954+00:00 [queued]>
[2024-03-22T18:49:03.219+0000] {taskinstance.py:1979} INFO - Dependencies all met for dep_context=requeueable deps ti=<TaskInstance: my_first_dag.bash_task_2 manual__2024-03-22T18:38:01.339954+00:00 [queued]>
[2024-03-22T18:49:03.220+0000] {taskinstance.py:2193} INFO - Starting attempt 3 of 11
[2024-03-22T18:49:03.230+0000] {taskinstance.py:2214} INFO - Executing <Task(BashOperator): bash_task_2> on 2024-03-22 18:38:01.339954+00:00
[2024-03-22T18:49:03.233+0000] {standard_task_runner.py:60} INFO - Started process 976 to run task
[2024-03-22T18:49:03.236+0000] {standard_task_runner.py:87} INFO - Running: ['***', 'tasks', 'run', 'my_first_dag', 'bash_task_2', 'manual__2024-03-22T18:38:01.339954+00:00', '--job-id', '249', '--raw', '--subdir', 'DAGS_FOLDER/running_dbt_core/running_dbt_core.py', '--cfg-path', '/tmp/tmpf356qedf']
[2024-03-22T18:49:03.237+0000] {standard_task_runner.py:88} INFO - Job 249: Subtask bash_task_2
[2024-03-22T18:49:03.273+0000] {task_command.py:423} INFO - Running <TaskInstance: my_first_dag.bash_task_2 manual__2024-03-22T18:38:01.339954+00:00 [running]> on host 428086c4ef09
[2024-03-22T18:49:03.333+0000] {taskinstance.py:2510} INFO - Exporting env vars: AIRFLOW_CTX_DAG_OWNER='proton' AIRFLOW_CTX_DAG_ID='my_first_dag' AIRFLOW_CTX_TASK_ID='bash_task_2' AIRFLOW_CTX_EXECUTION_DATE='2024-03-22T18:38:01.339954+00:00' AIRFLOW_CTX_TRY_NUMBER='3' AIRFLOW_CTX_DAG_RUN_ID='manual__2024-03-22T18:38:01.339954+00:00'
[2024-03-22T18:49:03.335+0000] {subprocess.py:63} INFO - Tmp dir root location: /tmp
[2024-03-22T18:49:03.336+0000] {subprocess.py:75} INFO - Running command: ['/usr/bin/bash', '-c', 'cd /opt/***/dbt/credit_card_dwh && dbt run --profiles-dir .']
[2024-03-22T18:49:03.343+0000] {subprocess.py:86} INFO - Output:
[2024-03-22T18:49:05.621+0000] {subprocess.py:93} INFO - [0m18:49:05  Running with dbt=1.7.10
[2024-03-22T18:49:06.530+0000] {subprocess.py:93} INFO - [0m18:49:06  Registered adapter: bigquery=1.7.6
[2024-03-22T18:49:06.710+0000] {subprocess.py:93} INFO - [0m18:49:06  Found 15 models, 5 seeds, 20 tests, 1 source, 0 exposures, 0 metrics, 870 macros, 0 groups, 0 semantic models
[2024-03-22T18:49:06.713+0000] {subprocess.py:93} INFO - [0m18:49:06
[2024-03-22T18:49:08.661+0000] {subprocess.py:93} INFO - [0m18:49:08  Concurrency: 4 threads (target='dev')
[2024-03-22T18:49:08.666+0000] {subprocess.py:93} INFO - [0m18:49:08
[2024-03-22T18:49:08.688+0000] {subprocess.py:93} INFO - [0m18:49:08  1 of 15 START sql view model final_project.stg__credit_card .................... [RUN]
[2024-03-22T18:49:09.760+0000] {subprocess.py:93} INFO - [0m18:49:09  1 of 15 ERROR creating sql view model final_project.stg__credit_card ........... [[31mERROR[0m in 1.07s]
[2024-03-22T18:49:09.768+0000] {subprocess.py:93} INFO - [0m18:49:09  2 of 15 SKIP relation final_project.dim__EDUCATION ............................. [[33mSKIP[0m]
[2024-03-22T18:49:09.769+0000] {subprocess.py:93} INFO - [0m18:49:09  3 of 15 SKIP relation final_project.dim__HOUSING ............................... [[33mSKIP[0m]
[2024-03-22T18:49:09.772+0000] {subprocess.py:93} INFO - [0m18:49:09  4 of 15 SKIP relation final_project.dim__INCOME ................................ [[33mSKIP[0m]
[2024-03-22T18:49:09.773+0000] {subprocess.py:93} INFO - [0m18:49:09  5 of 15 SKIP relation final_project.dim__JOB ................................... [[33mSKIP[0m]
[2024-03-22T18:49:09.780+0000] {subprocess.py:93} INFO - [0m18:49:09  6 of 15 SKIP relation final_project.dim__MARITAL ............................... [[33mSKIP[0m]
[2024-03-22T18:49:09.784+0000] {subprocess.py:93} INFO - [0m18:49:09  7 of 15 SKIP relation final_project.fact__tables ............................... [[33mSKIP[0m]
[2024-03-22T18:49:09.790+0000] {subprocess.py:93} INFO - [0m18:49:09  8 of 15 SKIP relation final_project.clustered__ASSET ........................... [[33mSKIP[0m]
[2024-03-22T18:49:09.791+0000] {subprocess.py:93} INFO - [0m18:49:09  9 of 15 SKIP relation final_project.clustered__ASSET_CAR ....................... [[33mSKIP[0m]
[2024-03-22T18:49:09.793+0000] {subprocess.py:93} INFO - [0m18:49:09  10 of 15 SKIP relation final_project.clustered__EDUCATION ...................... [[33mSKIP[0m]
[2024-03-22T18:49:09.794+0000] {subprocess.py:93} INFO - [0m18:49:09  11 of 15 SKIP relation final_project.clustered__INCOME ......................... [[33mSKIP[0m]
[2024-03-22T18:49:09.803+0000] {subprocess.py:93} INFO - [0m18:49:09  12 of 15 SKIP relation final_project.clustered__JOB ............................ [[33mSKIP[0m]
[2024-03-22T18:49:09.804+0000] {subprocess.py:93} INFO - [0m18:49:09  13 of 15 SKIP relation final_project.clustered__MARITAL ........................ [[33mSKIP[0m]
[2024-03-22T18:49:09.806+0000] {subprocess.py:93} INFO - [0m18:49:09  14 of 15 SKIP relation final_project.nested__FRAUD ............................. [[33mSKIP[0m]
[2024-03-22T18:49:09.807+0000] {subprocess.py:93} INFO - [0m18:49:09  15 of 15 SKIP relation final_project.partitioned__dates ........................ [[33mSKIP[0m]
[2024-03-22T18:49:09.817+0000] {subprocess.py:93} INFO - [0m18:49:09
[2024-03-22T18:49:09.817+0000] {subprocess.py:93} INFO - [0m18:49:09  Finished running 6 view models, 9 table models in 0 hours 0 minutes and 3.10 seconds (3.10s).
[2024-03-22T18:49:09.841+0000] {subprocess.py:93} INFO - [0m18:49:09
[2024-03-22T18:49:09.842+0000] {subprocess.py:93} INFO - [0m18:49:09  [31mCompleted with 1 error and 0 warnings:[0m
[2024-03-22T18:49:09.843+0000] {subprocess.py:93} INFO - [0m18:49:09
[2024-03-22T18:49:09.844+0000] {subprocess.py:93} INFO - [0m18:49:09    Runtime Error in model stg__credit_card (models/staging/stg__credit_card.sql)
[2024-03-22T18:49:09.845+0000] {subprocess.py:93} INFO -   404 Not found: Table forward-entity-411314:final_project.raw_credit_card was not found in location US; reason: notFound, message: Not found: Table forward-entity-411314:final_project.raw_credit_card was not found in location US
[2024-03-22T18:49:09.845+0000] {subprocess.py:93} INFO - 
[2024-03-22T18:49:09.845+0000] {subprocess.py:93} INFO -   Location: US
[2024-03-22T18:49:09.846+0000] {subprocess.py:93} INFO -   Job ID: 5cac04c3-9904-4b99-b4e7-f7ac20939e79
[2024-03-22T18:49:09.846+0000] {subprocess.py:93} INFO - 
[2024-03-22T18:49:09.846+0000] {subprocess.py:93} INFO - [0m18:49:09
[2024-03-22T18:49:09.847+0000] {subprocess.py:93} INFO - [0m18:49:09  Done. PASS=0 WARN=0 ERROR=1 SKIP=14 TOTAL=15
[2024-03-22T18:49:12.307+0000] {subprocess.py:97} INFO - Command exited with return code 1
[2024-03-22T18:49:12.316+0000] {taskinstance.py:2728} ERROR - Task failed with exception
Traceback (most recent call last):
  File "/home/airflow/.local/lib/python3.8/site-packages/airflow/models/taskinstance.py", line 444, in _execute_task
    result = _execute_callable(context=context, **execute_callable_kwargs)
  File "/home/airflow/.local/lib/python3.8/site-packages/airflow/models/taskinstance.py", line 414, in _execute_callable
    return execute_callable(context=context, **execute_callable_kwargs)
  File "/home/airflow/.local/lib/python3.8/site-packages/airflow/operators/bash.py", line 212, in execute
    raise AirflowException(
airflow.exceptions.AirflowException: Bash command failed. The command returned a non-zero exit code 1.
[2024-03-22T18:49:12.318+0000] {taskinstance.py:1149} INFO - Marking task as UP_FOR_RETRY. dag_id=my_first_dag, task_id=bash_task_2, execution_date=20240322T183801, start_date=20240322T184903, end_date=20240322T184912
[2024-03-22T18:49:12.328+0000] {standard_task_runner.py:107} ERROR - Failed to execute job 249 for task bash_task_2 (Bash command failed. The command returned a non-zero exit code 1.; 976)
[2024-03-22T18:49:12.346+0000] {local_task_job_runner.py:234} INFO - Task exited with return code 1
[2024-03-22T18:49:12.357+0000] {taskinstance.py:3309} INFO - 0 downstream tasks scheduled from follow-on schedule check
