[2024-03-30T22:21:01.341+0000] {taskinstance.py:1979} INFO - Dependencies all met for dep_context=non-requeueable deps ti=<TaskInstance: study_case_etl_all_pipeline.bash_task_2 manual__2024-03-30T22:20:35.947978+00:00 [queued]>
[2024-03-30T22:21:01.351+0000] {taskinstance.py:1979} INFO - Dependencies all met for dep_context=requeueable deps ti=<TaskInstance: study_case_etl_all_pipeline.bash_task_2 manual__2024-03-30T22:20:35.947978+00:00 [queued]>
[2024-03-30T22:21:01.352+0000] {taskinstance.py:2193} INFO - Starting attempt 1 of 2
[2024-03-30T22:21:01.365+0000] {taskinstance.py:2214} INFO - Executing <Task(BashOperator): bash_task_2> on 2024-03-30 22:20:35.947978+00:00
[2024-03-30T22:21:01.370+0000] {standard_task_runner.py:60} INFO - Started process 5161 to run task
[2024-03-30T22:21:01.374+0000] {standard_task_runner.py:87} INFO - Running: ['***', 'tasks', 'run', 'study_case_etl_all_pipeline', 'bash_task_2', 'manual__2024-03-30T22:20:35.947978+00:00', '--job-id', '194', '--raw', '--subdir', 'DAGS_FOLDER/running_dbt_core/study_case_etl_all_pipeline.py', '--cfg-path', '/tmp/tmp407x49kv']
[2024-03-30T22:21:01.378+0000] {standard_task_runner.py:88} INFO - Job 194: Subtask bash_task_2
[2024-03-30T22:21:01.418+0000] {task_command.py:423} INFO - Running <TaskInstance: study_case_etl_all_pipeline.bash_task_2 manual__2024-03-30T22:20:35.947978+00:00 [running]> on host f5156ab87ac1
[2024-03-30T22:21:01.484+0000] {taskinstance.py:2510} INFO - Exporting env vars: AIRFLOW_CTX_DAG_OWNER='Agus mahari' AIRFLOW_CTX_DAG_ID='study_case_etl_all_pipeline' AIRFLOW_CTX_TASK_ID='bash_task_2' AIRFLOW_CTX_EXECUTION_DATE='2024-03-30T22:20:35.947978+00:00' AIRFLOW_CTX_TRY_NUMBER='1' AIRFLOW_CTX_DAG_RUN_ID='manual__2024-03-30T22:20:35.947978+00:00'
[2024-03-30T22:21:01.486+0000] {subprocess.py:63} INFO - Tmp dir root location: /tmp
[2024-03-30T22:21:01.487+0000] {subprocess.py:75} INFO - Running command: ['/usr/bin/bash', '-c', 'cd /opt/***/dbt/credit_card_dwh && dbt run --profiles-dir .']
[2024-03-30T22:21:01.497+0000] {subprocess.py:86} INFO - Output:
[2024-03-30T22:21:03.900+0000] {subprocess.py:93} INFO - [0m22:21:03  Running with dbt=1.7.11
[2024-03-30T22:21:04.884+0000] {subprocess.py:93} INFO - [0m22:21:04  Registered adapter: bigquery=1.7.7
[2024-03-30T22:21:05.052+0000] {subprocess.py:93} INFO - [0m22:21:05  Found 1 model, 2 tests, 1 source, 0 exposures, 0 metrics, 907 macros, 0 groups, 0 semantic models
[2024-03-30T22:21:05.057+0000] {subprocess.py:93} INFO - [0m22:21:05
[2024-03-30T22:21:06.343+0000] {subprocess.py:93} INFO - [0m22:21:06  Concurrency: 4 threads (target='dev')
[2024-03-30T22:21:06.344+0000] {subprocess.py:93} INFO - [0m22:21:06
[2024-03-30T22:21:06.353+0000] {subprocess.py:93} INFO - [0m22:21:06  1 of 1 START sql incremental model test_location.stg__credit_card .............. [RUN]
[2024-03-30T22:21:10.546+0000] {subprocess.py:93} INFO - [0m22:21:10  BigQuery adapter: https://console.cloud.google.com/bigquery?project=forward-entity-411314&j=bq:US:d3278561-ab55-41ff-8bd4-e848074c7ea5&page=queryresults
[2024-03-30T22:21:10.563+0000] {subprocess.py:93} INFO - [0m22:21:10  1 of 1 ERROR creating sql incremental model test_location.stg__credit_card ..... [[31mERROR[0m in 4.21s]
[2024-03-30T22:21:10.572+0000] {subprocess.py:93} INFO - [0m22:21:10
[2024-03-30T22:21:10.574+0000] {subprocess.py:93} INFO - [0m22:21:10  Finished running 1 incremental model in 0 hours 0 minutes and 5.51 seconds (5.51s).
[2024-03-30T22:21:10.594+0000] {subprocess.py:93} INFO - [0m22:21:10
[2024-03-30T22:21:10.595+0000] {subprocess.py:93} INFO - [0m22:21:10  [31mCompleted with 1 error and 0 warnings:[0m
[2024-03-30T22:21:10.596+0000] {subprocess.py:93} INFO - [0m22:21:10
[2024-03-30T22:21:10.597+0000] {subprocess.py:93} INFO - [0m22:21:10    Database Error in model stg__credit_card (models/staging/stg__credit_card.sql)
[2024-03-30T22:21:10.597+0000] {subprocess.py:93} INFO -   Cannot read and write in different locations: source: asia-southeast2, destination: US
[2024-03-30T22:21:10.598+0000] {subprocess.py:93} INFO -   compiled Code at target/run/credit_card_dwh/models/staging/stg__credit_card.sql
[2024-03-30T22:21:10.599+0000] {subprocess.py:93} INFO - [0m22:21:10
[2024-03-30T22:21:10.599+0000] {subprocess.py:93} INFO - [0m22:21:10  Done. PASS=0 WARN=0 ERROR=1 SKIP=0 TOTAL=1
[2024-03-30T22:21:13.251+0000] {subprocess.py:97} INFO - Command exited with return code 1
[2024-03-30T22:21:13.260+0000] {taskinstance.py:2728} ERROR - Task failed with exception
Traceback (most recent call last):
  File "/home/airflow/.local/lib/python3.8/site-packages/airflow/models/taskinstance.py", line 444, in _execute_task
    result = _execute_callable(context=context, **execute_callable_kwargs)
  File "/home/airflow/.local/lib/python3.8/site-packages/airflow/models/taskinstance.py", line 414, in _execute_callable
    return execute_callable(context=context, **execute_callable_kwargs)
  File "/home/airflow/.local/lib/python3.8/site-packages/airflow/operators/bash.py", line 212, in execute
    raise AirflowException(
airflow.exceptions.AirflowException: Bash command failed. The command returned a non-zero exit code 1.
[2024-03-30T22:21:13.263+0000] {taskinstance.py:1149} INFO - Marking task as UP_FOR_RETRY. dag_id=study_case_etl_all_pipeline, task_id=bash_task_2, execution_date=20240330T222035, start_date=20240330T222101, end_date=20240330T222113
[2024-03-30T22:21:13.275+0000] {standard_task_runner.py:107} ERROR - Failed to execute job 194 for task bash_task_2 (Bash command failed. The command returned a non-zero exit code 1.; 5161)
[2024-03-30T22:21:13.308+0000] {local_task_job_runner.py:234} INFO - Task exited with return code 1
[2024-03-30T22:21:13.325+0000] {taskinstance.py:3309} INFO - 0 downstream tasks scheduled from follow-on schedule check
