[2024-03-30T17:11:10.143+0000] {taskinstance.py:1979} INFO - Dependencies all met for dep_context=non-requeueable deps ti=<TaskInstance: study_case_etl_all_pipeline.bash_task_2 manual__2024-03-30T17:10:27.060224+00:00 [queued]>
[2024-03-30T17:11:10.151+0000] {taskinstance.py:1979} INFO - Dependencies all met for dep_context=requeueable deps ti=<TaskInstance: study_case_etl_all_pipeline.bash_task_2 manual__2024-03-30T17:10:27.060224+00:00 [queued]>
[2024-03-30T17:11:10.151+0000] {taskinstance.py:2193} INFO - Starting attempt 1 of 2
[2024-03-30T17:11:10.163+0000] {taskinstance.py:2214} INFO - Executing <Task(BashOperator): bash_task_2> on 2024-03-30 17:10:27.060224+00:00
[2024-03-30T17:11:10.168+0000] {standard_task_runner.py:60} INFO - Started process 8211 to run task
[2024-03-30T17:11:10.171+0000] {standard_task_runner.py:87} INFO - Running: ['***', 'tasks', 'run', 'study_case_etl_all_pipeline', 'bash_task_2', 'manual__2024-03-30T17:10:27.060224+00:00', '--job-id', '104', '--raw', '--subdir', 'DAGS_FOLDER/running_dbt_core/study_case_etl_all_pipeline.py', '--cfg-path', '/tmp/tmpdy6l1g35']
[2024-03-30T17:11:10.173+0000] {standard_task_runner.py:88} INFO - Job 104: Subtask bash_task_2
[2024-03-30T17:11:10.212+0000] {task_command.py:423} INFO - Running <TaskInstance: study_case_etl_all_pipeline.bash_task_2 manual__2024-03-30T17:10:27.060224+00:00 [running]> on host 8e1e687a7cdb
[2024-03-30T17:11:10.279+0000] {taskinstance.py:2510} INFO - Exporting env vars: AIRFLOW_CTX_DAG_OWNER='Agus mahari' AIRFLOW_CTX_DAG_ID='study_case_etl_all_pipeline' AIRFLOW_CTX_TASK_ID='bash_task_2' AIRFLOW_CTX_EXECUTION_DATE='2024-03-30T17:10:27.060224+00:00' AIRFLOW_CTX_TRY_NUMBER='1' AIRFLOW_CTX_DAG_RUN_ID='manual__2024-03-30T17:10:27.060224+00:00'
[2024-03-30T17:11:10.280+0000] {subprocess.py:63} INFO - Tmp dir root location: /tmp
[2024-03-30T17:11:10.281+0000] {subprocess.py:75} INFO - Running command: ['/usr/bin/bash', '-c', 'cd /opt/***/dbt/credit_card_dwh && dbt run --profiles-dir .']
[2024-03-30T17:11:10.292+0000] {subprocess.py:86} INFO - Output:
[2024-03-30T17:11:12.627+0000] {subprocess.py:93} INFO - [0m17:11:12  Running with dbt=1.7.11
[2024-03-30T17:11:13.549+0000] {subprocess.py:93} INFO - [0m17:11:13  Registered adapter: bigquery=1.7.7
[2024-03-30T17:11:13.600+0000] {subprocess.py:93} INFO - [0m17:11:13  Unable to do partial parsing because of a version mismatch
[2024-03-30T17:11:15.685+0000] {subprocess.py:93} INFO - [0m17:11:15  Encountered an error:
[2024-03-30T17:11:15.687+0000] {subprocess.py:93} INFO - Compilation Error
[2024-03-30T17:11:15.688+0000] {subprocess.py:93} INFO -   Model 'model.credit_card_dwh.stg__credit_card' (models/staging/stg__credit_card.sql) depends on a source named 'agusmahari_data_lake.raw_credit_card' which was not found
[2024-03-30T17:11:18.616+0000] {subprocess.py:97} INFO - Command exited with return code 2
[2024-03-30T17:11:18.625+0000] {taskinstance.py:2728} ERROR - Task failed with exception
Traceback (most recent call last):
  File "/home/airflow/.local/lib/python3.8/site-packages/airflow/models/taskinstance.py", line 444, in _execute_task
    result = _execute_callable(context=context, **execute_callable_kwargs)
  File "/home/airflow/.local/lib/python3.8/site-packages/airflow/models/taskinstance.py", line 414, in _execute_callable
    return execute_callable(context=context, **execute_callable_kwargs)
  File "/home/airflow/.local/lib/python3.8/site-packages/airflow/operators/bash.py", line 212, in execute
    raise AirflowException(
airflow.exceptions.AirflowException: Bash command failed. The command returned a non-zero exit code 2.
[2024-03-30T17:11:18.629+0000] {taskinstance.py:1149} INFO - Marking task as UP_FOR_RETRY. dag_id=study_case_etl_all_pipeline, task_id=bash_task_2, execution_date=20240330T171027, start_date=20240330T171110, end_date=20240330T171118
[2024-03-30T17:11:18.642+0000] {standard_task_runner.py:107} ERROR - Failed to execute job 104 for task bash_task_2 (Bash command failed. The command returned a non-zero exit code 2.; 8211)
[2024-03-30T17:11:18.667+0000] {local_task_job_runner.py:234} INFO - Task exited with return code 1
[2024-03-30T17:11:18.688+0000] {taskinstance.py:3309} INFO - 0 downstream tasks scheduled from follow-on schedule check
