[2024-03-30T16:48:53.457+0000] {taskinstance.py:1979} INFO - Dependencies all met for dep_context=non-requeueable deps ti=<TaskInstance: study_case_etl_all_pipeline.bash_task_1 manual__2024-03-30T16:48:25.817565+00:00 [queued]>
[2024-03-30T16:48:53.467+0000] {taskinstance.py:1979} INFO - Dependencies all met for dep_context=requeueable deps ti=<TaskInstance: study_case_etl_all_pipeline.bash_task_1 manual__2024-03-30T16:48:25.817565+00:00 [queued]>
[2024-03-30T16:48:53.467+0000] {taskinstance.py:2193} INFO - Starting attempt 1 of 2
[2024-03-30T16:48:53.478+0000] {taskinstance.py:2214} INFO - Executing <Task(BashOperator): bash_task_1> on 2024-03-30 16:48:25.817565+00:00
[2024-03-30T16:48:53.485+0000] {standard_task_runner.py:60} INFO - Started process 7799 to run task
[2024-03-30T16:48:53.488+0000] {standard_task_runner.py:87} INFO - Running: ['***', 'tasks', 'run', 'study_case_etl_all_pipeline', 'bash_task_1', 'manual__2024-03-30T16:48:25.817565+00:00', '--job-id', '94', '--raw', '--subdir', 'DAGS_FOLDER/running_dbt_core/study_case_etl_all_pipeline.py', '--cfg-path', '/tmp/tmpl02ebr4n']
[2024-03-30T16:48:53.491+0000] {standard_task_runner.py:88} INFO - Job 94: Subtask bash_task_1
[2024-03-30T16:48:53.529+0000] {task_command.py:423} INFO - Running <TaskInstance: study_case_etl_all_pipeline.bash_task_1 manual__2024-03-30T16:48:25.817565+00:00 [running]> on host 8e1e687a7cdb
[2024-03-30T16:48:53.595+0000] {taskinstance.py:2510} INFO - Exporting env vars: AIRFLOW_CTX_DAG_OWNER='Agus mahari' AIRFLOW_CTX_DAG_ID='study_case_etl_all_pipeline' AIRFLOW_CTX_TASK_ID='bash_task_1' AIRFLOW_CTX_EXECUTION_DATE='2024-03-30T16:48:25.817565+00:00' AIRFLOW_CTX_TRY_NUMBER='1' AIRFLOW_CTX_DAG_RUN_ID='manual__2024-03-30T16:48:25.817565+00:00'
[2024-03-30T16:48:53.597+0000] {subprocess.py:63} INFO - Tmp dir root location: /tmp
[2024-03-30T16:48:53.598+0000] {subprocess.py:75} INFO - Running command: ['/usr/bin/bash', '-c', 'cd /opt/***/dbt/credit_card_dwh && dbt deps && dbt seed --profiles-dir .']
[2024-03-30T16:48:53.608+0000] {subprocess.py:86} INFO - Output:
[2024-03-30T16:48:55.993+0000] {subprocess.py:93} INFO - [0m16:48:55  Running with dbt=1.7.11
[2024-03-30T16:48:58.309+0000] {subprocess.py:93} INFO - [0m16:48:58  Installing dbt-labs/dbt_utils
[2024-03-30T16:48:59.134+0000] {subprocess.py:93} INFO - [0m16:48:59  Installed from version 0.8.0
[2024-03-30T16:48:59.135+0000] {subprocess.py:93} INFO - [0m16:48:59  Updated version available: 1.1.1
[2024-03-30T16:48:59.138+0000] {subprocess.py:93} INFO - [0m16:48:59  Installing calogica/dbt_expectations
[2024-03-30T16:49:02.071+0000] {subprocess.py:93} INFO - [0m16:49:02  Installed from version 0.10.3
[2024-03-30T16:49:02.072+0000] {subprocess.py:93} INFO - [0m16:49:02  Up to date!
[2024-03-30T16:49:02.074+0000] {subprocess.py:93} INFO - [0m16:49:02  Installing calogica/dbt_date
[2024-03-30T16:49:02.631+0000] {subprocess.py:93} INFO - [0m16:49:02  Installed from version 0.10.0
[2024-03-30T16:49:02.632+0000] {subprocess.py:93} INFO - [0m16:49:02  Up to date!
[2024-03-30T16:49:02.634+0000] {subprocess.py:93} INFO - [0m16:49:02
[2024-03-30T16:49:02.636+0000] {subprocess.py:93} INFO - [0m16:49:02  Updates available for packages: ['dbt-labs/dbt_utils']
[2024-03-30T16:49:02.636+0000] {subprocess.py:93} INFO - Update your versions in packages.yml, then run dbt deps
[2024-03-30T16:49:08.419+0000] {subprocess.py:93} INFO - [0m16:49:08  Running with dbt=1.7.11
[2024-03-30T16:49:09.385+0000] {subprocess.py:93} INFO - [0m16:49:09  Registered adapter: bigquery=1.7.7
[2024-03-30T16:49:09.439+0000] {subprocess.py:93} INFO - [0m16:49:09  Unable to do partial parsing because of a version mismatch
[2024-03-30T16:49:11.547+0000] {subprocess.py:93} INFO - [0m16:49:11  Encountered an error:
[2024-03-30T16:49:11.547+0000] {subprocess.py:93} INFO - Compilation Error
[2024-03-30T16:49:11.548+0000] {subprocess.py:93} INFO -   Model 'model.credit_card_dwh.stg__credit_card' (models/staging/stg__credit_card.sql) depends on a source named 'agusmahari_data_lake.raw_credit_card' which was not found
[2024-03-30T16:49:14.006+0000] {subprocess.py:97} INFO - Command exited with return code 2
[2024-03-30T16:49:14.015+0000] {taskinstance.py:2728} ERROR - Task failed with exception
Traceback (most recent call last):
  File "/home/airflow/.local/lib/python3.8/site-packages/airflow/models/taskinstance.py", line 444, in _execute_task
    result = _execute_callable(context=context, **execute_callable_kwargs)
  File "/home/airflow/.local/lib/python3.8/site-packages/airflow/models/taskinstance.py", line 414, in _execute_callable
    return execute_callable(context=context, **execute_callable_kwargs)
  File "/home/airflow/.local/lib/python3.8/site-packages/airflow/operators/bash.py", line 212, in execute
    raise AirflowException(
airflow.exceptions.AirflowException: Bash command failed. The command returned a non-zero exit code 2.
[2024-03-30T16:49:14.018+0000] {taskinstance.py:1149} INFO - Marking task as UP_FOR_RETRY. dag_id=study_case_etl_all_pipeline, task_id=bash_task_1, execution_date=20240330T164825, start_date=20240330T164853, end_date=20240330T164914
[2024-03-30T16:49:14.030+0000] {standard_task_runner.py:107} ERROR - Failed to execute job 94 for task bash_task_1 (Bash command failed. The command returned a non-zero exit code 2.; 7799)
[2024-03-30T16:49:14.076+0000] {local_task_job_runner.py:234} INFO - Task exited with return code 1
[2024-03-30T16:49:14.097+0000] {taskinstance.py:3309} INFO - 0 downstream tasks scheduled from follow-on schedule check
