[2024-03-30T17:05:26.202+0000] {taskinstance.py:1979} INFO - Dependencies all met for dep_context=non-requeueable deps ti=<TaskInstance: study_case_etl_all_pipeline.bash_task_2 manual__2024-03-30T17:04:55.440154+00:00 [queued]>
[2024-03-30T17:05:26.211+0000] {taskinstance.py:1979} INFO - Dependencies all met for dep_context=requeueable deps ti=<TaskInstance: study_case_etl_all_pipeline.bash_task_2 manual__2024-03-30T17:04:55.440154+00:00 [queued]>
[2024-03-30T17:05:26.211+0000] {taskinstance.py:2193} INFO - Starting attempt 1 of 2
[2024-03-30T17:05:26.224+0000] {taskinstance.py:2214} INFO - Executing <Task(BashOperator): bash_task_2> on 2024-03-30 17:04:55.440154+00:00
[2024-03-30T17:05:26.229+0000] {standard_task_runner.py:60} INFO - Started process 8086 to run task
[2024-03-30T17:05:26.232+0000] {standard_task_runner.py:87} INFO - Running: ['***', 'tasks', 'run', 'study_case_etl_all_pipeline', 'bash_task_2', 'manual__2024-03-30T17:04:55.440154+00:00', '--job-id', '99', '--raw', '--subdir', 'DAGS_FOLDER/running_dbt_core/study_case_etl_all_pipeline.py', '--cfg-path', '/tmp/tmp9l1sa5up']
[2024-03-30T17:05:26.235+0000] {standard_task_runner.py:88} INFO - Job 99: Subtask bash_task_2
[2024-03-30T17:05:26.283+0000] {task_command.py:423} INFO - Running <TaskInstance: study_case_etl_all_pipeline.bash_task_2 manual__2024-03-30T17:04:55.440154+00:00 [running]> on host 8e1e687a7cdb
[2024-03-30T17:05:26.355+0000] {taskinstance.py:2510} INFO - Exporting env vars: AIRFLOW_CTX_DAG_OWNER='Agus mahari' AIRFLOW_CTX_DAG_ID='study_case_etl_all_pipeline' AIRFLOW_CTX_TASK_ID='bash_task_2' AIRFLOW_CTX_EXECUTION_DATE='2024-03-30T17:04:55.440154+00:00' AIRFLOW_CTX_TRY_NUMBER='1' AIRFLOW_CTX_DAG_RUN_ID='manual__2024-03-30T17:04:55.440154+00:00'
[2024-03-30T17:05:26.357+0000] {subprocess.py:63} INFO - Tmp dir root location: /tmp
[2024-03-30T17:05:26.358+0000] {subprocess.py:75} INFO - Running command: ['/usr/bin/bash', '-c', 'cd /opt/***/dbt/credit_card_dwh && dbt run --profiles-dir .']
[2024-03-30T17:05:26.369+0000] {subprocess.py:86} INFO - Output:
[2024-03-30T17:05:28.813+0000] {subprocess.py:93} INFO - [0m17:05:28  Running with dbt=1.7.11
[2024-03-30T17:05:29.762+0000] {subprocess.py:93} INFO - [0m17:05:29  Registered adapter: bigquery=1.7.7
[2024-03-30T17:05:29.816+0000] {subprocess.py:93} INFO - [0m17:05:29  Unable to do partial parsing because of a version mismatch
[2024-03-30T17:05:31.872+0000] {subprocess.py:93} INFO - [0m17:05:31  Encountered an error:
[2024-03-30T17:05:31.873+0000] {subprocess.py:93} INFO - Compilation Error
[2024-03-30T17:05:31.873+0000] {subprocess.py:93} INFO -   Model 'model.credit_card_dwh.stg__credit_card' (models/staging/stg__credit_card.sql) depends on a source named 'agusmahari_data_lake.raw_credit_card' which was not found
[2024-03-30T17:05:34.809+0000] {subprocess.py:97} INFO - Command exited with return code 2
[2024-03-30T17:05:34.817+0000] {taskinstance.py:2728} ERROR - Task failed with exception
Traceback (most recent call last):
  File "/home/airflow/.local/lib/python3.8/site-packages/airflow/models/taskinstance.py", line 444, in _execute_task
    result = _execute_callable(context=context, **execute_callable_kwargs)
  File "/home/airflow/.local/lib/python3.8/site-packages/airflow/models/taskinstance.py", line 414, in _execute_callable
    return execute_callable(context=context, **execute_callable_kwargs)
  File "/home/airflow/.local/lib/python3.8/site-packages/airflow/operators/bash.py", line 212, in execute
    raise AirflowException(
airflow.exceptions.AirflowException: Bash command failed. The command returned a non-zero exit code 2.
[2024-03-30T17:05:34.820+0000] {taskinstance.py:1149} INFO - Marking task as UP_FOR_RETRY. dag_id=study_case_etl_all_pipeline, task_id=bash_task_2, execution_date=20240330T170455, start_date=20240330T170526, end_date=20240330T170534
[2024-03-30T17:05:34.831+0000] {standard_task_runner.py:107} ERROR - Failed to execute job 99 for task bash_task_2 (Bash command failed. The command returned a non-zero exit code 2.; 8086)
[2024-03-30T17:05:34.848+0000] {local_task_job_runner.py:234} INFO - Task exited with return code 1
[2024-03-30T17:05:34.866+0000] {taskinstance.py:3309} INFO - 0 downstream tasks scheduled from follow-on schedule check
