[2024-03-30T22:26:23.396+0000] {taskinstance.py:1979} INFO - Dependencies all met for dep_context=non-requeueable deps ti=<TaskInstance: study_case_etl_all_pipeline.bash_task_2 manual__2024-03-30T22:25:58.713876+00:00 [queued]>
[2024-03-30T22:26:23.404+0000] {taskinstance.py:1979} INFO - Dependencies all met for dep_context=requeueable deps ti=<TaskInstance: study_case_etl_all_pipeline.bash_task_2 manual__2024-03-30T22:25:58.713876+00:00 [queued]>
[2024-03-30T22:26:23.405+0000] {taskinstance.py:2193} INFO - Starting attempt 1 of 2
[2024-03-30T22:26:23.416+0000] {taskinstance.py:2214} INFO - Executing <Task(BashOperator): bash_task_2> on 2024-03-30 22:25:58.713876+00:00
[2024-03-30T22:26:23.421+0000] {standard_task_runner.py:60} INFO - Started process 5280 to run task
[2024-03-30T22:26:23.424+0000] {standard_task_runner.py:87} INFO - Running: ['***', 'tasks', 'run', 'study_case_etl_all_pipeline', 'bash_task_2', 'manual__2024-03-30T22:25:58.713876+00:00', '--job-id', '199', '--raw', '--subdir', 'DAGS_FOLDER/running_dbt_core/study_case_etl_all_pipeline.py', '--cfg-path', '/tmp/tmphx3n4tr8']
[2024-03-30T22:26:23.429+0000] {standard_task_runner.py:88} INFO - Job 199: Subtask bash_task_2
[2024-03-30T22:26:23.466+0000] {task_command.py:423} INFO - Running <TaskInstance: study_case_etl_all_pipeline.bash_task_2 manual__2024-03-30T22:25:58.713876+00:00 [running]> on host f5156ab87ac1
[2024-03-30T22:26:23.528+0000] {taskinstance.py:2510} INFO - Exporting env vars: AIRFLOW_CTX_DAG_OWNER='Agus mahari' AIRFLOW_CTX_DAG_ID='study_case_etl_all_pipeline' AIRFLOW_CTX_TASK_ID='bash_task_2' AIRFLOW_CTX_EXECUTION_DATE='2024-03-30T22:25:58.713876+00:00' AIRFLOW_CTX_TRY_NUMBER='1' AIRFLOW_CTX_DAG_RUN_ID='manual__2024-03-30T22:25:58.713876+00:00'
[2024-03-30T22:26:23.530+0000] {subprocess.py:63} INFO - Tmp dir root location: /tmp
[2024-03-30T22:26:23.531+0000] {subprocess.py:75} INFO - Running command: ['/usr/bin/bash', '-c', 'cd /opt/***/dbt/credit_card_dwh && dbt run --profiles-dir .']
[2024-03-30T22:26:23.540+0000] {subprocess.py:86} INFO - Output:
[2024-03-30T22:26:25.982+0000] {subprocess.py:93} INFO - [0m22:26:25  Running with dbt=1.7.11
[2024-03-30T22:26:26.920+0000] {subprocess.py:93} INFO - [0m22:26:26  Registered adapter: bigquery=1.7.7
[2024-03-30T22:26:27.083+0000] {subprocess.py:93} INFO - [0m22:26:27  Found 1 model, 2 tests, 1 source, 0 exposures, 0 metrics, 907 macros, 0 groups, 0 semantic models
[2024-03-30T22:26:27.086+0000] {subprocess.py:93} INFO - [0m22:26:27
[2024-03-30T22:26:28.331+0000] {subprocess.py:93} INFO - [0m22:26:28  Concurrency: 4 threads (target='dev')
[2024-03-30T22:26:28.336+0000] {subprocess.py:93} INFO - [0m22:26:28
[2024-03-30T22:26:28.363+0000] {subprocess.py:93} INFO - [0m22:26:28  1 of 1 START sql incremental model test_location.stg__credit_card .............. [RUN]
[2024-03-30T22:26:31.912+0000] {subprocess.py:93} INFO - [0m22:26:31  BigQuery adapter: https://console.cloud.google.com/bigquery?project=forward-entity-411314&j=bq:US:43d6f36d-16d7-41cc-af8f-f2513b27480d&page=queryresults
[2024-03-30T22:26:31.925+0000] {subprocess.py:93} INFO - [0m22:26:31  1 of 1 ERROR creating sql incremental model test_location.stg__credit_card ..... [[31mERROR[0m in 3.56s]
[2024-03-30T22:26:31.931+0000] {subprocess.py:93} INFO - [0m22:26:31
[2024-03-30T22:26:31.932+0000] {subprocess.py:93} INFO - [0m22:26:31  Finished running 1 incremental model in 0 hours 0 minutes and 4.84 seconds (4.84s).
[2024-03-30T22:26:31.953+0000] {subprocess.py:93} INFO - [0m22:26:31
[2024-03-30T22:26:31.955+0000] {subprocess.py:93} INFO - [0m22:26:31  [31mCompleted with 1 error and 0 warnings:[0m
[2024-03-30T22:26:31.956+0000] {subprocess.py:93} INFO - [0m22:26:31
[2024-03-30T22:26:31.957+0000] {subprocess.py:93} INFO - [0m22:26:31    Database Error in model stg__credit_card (models/staging/stg__credit_card.sql)
[2024-03-30T22:26:31.957+0000] {subprocess.py:93} INFO -   Cannot read and write in different locations: source: asia-southeast2, destination: US
[2024-03-30T22:26:31.958+0000] {subprocess.py:93} INFO -   compiled Code at target/run/credit_card_dwh/models/staging/stg__credit_card.sql
[2024-03-30T22:26:31.959+0000] {subprocess.py:93} INFO - [0m22:26:31
[2024-03-30T22:26:31.960+0000] {subprocess.py:93} INFO - [0m22:26:31  Done. PASS=0 WARN=0 ERROR=1 SKIP=0 TOTAL=1
[2024-03-30T22:26:34.198+0000] {subprocess.py:97} INFO - Command exited with return code 1
[2024-03-30T22:26:34.207+0000] {taskinstance.py:2728} ERROR - Task failed with exception
Traceback (most recent call last):
  File "/home/airflow/.local/lib/python3.8/site-packages/airflow/models/taskinstance.py", line 444, in _execute_task
    result = _execute_callable(context=context, **execute_callable_kwargs)
  File "/home/airflow/.local/lib/python3.8/site-packages/airflow/models/taskinstance.py", line 414, in _execute_callable
    return execute_callable(context=context, **execute_callable_kwargs)
  File "/home/airflow/.local/lib/python3.8/site-packages/airflow/operators/bash.py", line 212, in execute
    raise AirflowException(
airflow.exceptions.AirflowException: Bash command failed. The command returned a non-zero exit code 1.
[2024-03-30T22:26:34.210+0000] {taskinstance.py:1149} INFO - Marking task as UP_FOR_RETRY. dag_id=study_case_etl_all_pipeline, task_id=bash_task_2, execution_date=20240330T222558, start_date=20240330T222623, end_date=20240330T222634
[2024-03-30T22:26:34.222+0000] {standard_task_runner.py:107} ERROR - Failed to execute job 199 for task bash_task_2 (Bash command failed. The command returned a non-zero exit code 1.; 5280)
[2024-03-30T22:26:34.249+0000] {local_task_job_runner.py:234} INFO - Task exited with return code 1
[2024-03-30T22:26:34.267+0000] {taskinstance.py:3309} INFO - 0 downstream tasks scheduled from follow-on schedule check
