[2024-03-30T17:34:53.383+0000] {taskinstance.py:1979} INFO - Dependencies all met for dep_context=non-requeueable deps ti=<TaskInstance: study_case_etl_all_pipeline.bash_task_2 manual__2024-03-30T17:34:32.851360+00:00 [queued]>
[2024-03-30T17:34:53.390+0000] {taskinstance.py:1979} INFO - Dependencies all met for dep_context=requeueable deps ti=<TaskInstance: study_case_etl_all_pipeline.bash_task_2 manual__2024-03-30T17:34:32.851360+00:00 [queued]>
[2024-03-30T17:34:53.391+0000] {taskinstance.py:2193} INFO - Starting attempt 1 of 2
[2024-03-30T17:34:53.401+0000] {taskinstance.py:2214} INFO - Executing <Task(BashOperator): bash_task_2> on 2024-03-30 17:34:32.851360+00:00
[2024-03-30T17:34:53.405+0000] {standard_task_runner.py:60} INFO - Started process 252 to run task
[2024-03-30T17:34:53.408+0000] {standard_task_runner.py:87} INFO - Running: ['***', 'tasks', 'run', 'study_case_etl_all_pipeline', 'bash_task_2', 'manual__2024-03-30T17:34:32.851360+00:00', '--job-id', '116', '--raw', '--subdir', 'DAGS_FOLDER/running_dbt_core/study_case_etl_all_pipeline.py', '--cfg-path', '/tmp/tmprgiuzk06']
[2024-03-30T17:34:53.410+0000] {standard_task_runner.py:88} INFO - Job 116: Subtask bash_task_2
[2024-03-30T17:34:53.446+0000] {task_command.py:423} INFO - Running <TaskInstance: study_case_etl_all_pipeline.bash_task_2 manual__2024-03-30T17:34:32.851360+00:00 [running]> on host f5156ab87ac1
[2024-03-30T17:34:53.504+0000] {taskinstance.py:2510} INFO - Exporting env vars: AIRFLOW_CTX_DAG_OWNER='Agus mahari' AIRFLOW_CTX_DAG_ID='study_case_etl_all_pipeline' AIRFLOW_CTX_TASK_ID='bash_task_2' AIRFLOW_CTX_EXECUTION_DATE='2024-03-30T17:34:32.851360+00:00' AIRFLOW_CTX_TRY_NUMBER='1' AIRFLOW_CTX_DAG_RUN_ID='manual__2024-03-30T17:34:32.851360+00:00'
[2024-03-30T17:34:53.505+0000] {subprocess.py:63} INFO - Tmp dir root location: /tmp
[2024-03-30T17:34:53.506+0000] {subprocess.py:75} INFO - Running command: ['/usr/bin/bash', '-c', 'cd /opt/***/dbt/credit_card_dwh && dbt run --profiles-dir .']
[2024-03-30T17:34:53.515+0000] {subprocess.py:86} INFO - Output:
[2024-03-30T17:34:55.817+0000] {subprocess.py:93} INFO - [0m17:34:55  Running with dbt=1.7.11
[2024-03-30T17:34:56.746+0000] {subprocess.py:93} INFO - [0m17:34:56  Registered adapter: bigquery=1.7.7
[2024-03-30T17:34:56.797+0000] {subprocess.py:93} INFO - [0m17:34:56  Unable to do partial parsing because of a version mismatch
[2024-03-30T17:34:58.976+0000] {subprocess.py:93} INFO - [0m17:34:58  Encountered an error:
[2024-03-30T17:34:58.977+0000] {subprocess.py:93} INFO - Compilation Error
[2024-03-30T17:34:58.977+0000] {subprocess.py:93} INFO -   Model 'model.credit_card_dwh.stg__credit_card' (models/staging/stg__credit_card.sql) depends on a source named 'final_project.raw_credit_card' which was not found
[2024-03-30T17:35:01.412+0000] {subprocess.py:97} INFO - Command exited with return code 2
[2024-03-30T17:35:01.420+0000] {taskinstance.py:2728} ERROR - Task failed with exception
Traceback (most recent call last):
  File "/home/airflow/.local/lib/python3.8/site-packages/airflow/models/taskinstance.py", line 444, in _execute_task
    result = _execute_callable(context=context, **execute_callable_kwargs)
  File "/home/airflow/.local/lib/python3.8/site-packages/airflow/models/taskinstance.py", line 414, in _execute_callable
    return execute_callable(context=context, **execute_callable_kwargs)
  File "/home/airflow/.local/lib/python3.8/site-packages/airflow/operators/bash.py", line 212, in execute
    raise AirflowException(
airflow.exceptions.AirflowException: Bash command failed. The command returned a non-zero exit code 2.
[2024-03-30T17:35:01.423+0000] {taskinstance.py:1149} INFO - Marking task as UP_FOR_RETRY. dag_id=study_case_etl_all_pipeline, task_id=bash_task_2, execution_date=20240330T173432, start_date=20240330T173453, end_date=20240330T173501
[2024-03-30T17:35:01.433+0000] {standard_task_runner.py:107} ERROR - Failed to execute job 116 for task bash_task_2 (Bash command failed. The command returned a non-zero exit code 2.; 252)
[2024-03-30T17:35:01.451+0000] {local_task_job_runner.py:234} INFO - Task exited with return code 1
[2024-03-30T17:35:01.470+0000] {taskinstance.py:3309} INFO - 0 downstream tasks scheduled from follow-on schedule check
