[2024-03-30T17:59:08.020+0000] {taskinstance.py:1979} INFO - Dependencies all met for dep_context=non-requeueable deps ti=<TaskInstance: study_case_etl_all_pipeline.bash_task_2 manual__2024-03-30T17:58:35.567666+00:00 [queued]>
[2024-03-30T17:59:08.032+0000] {taskinstance.py:1979} INFO - Dependencies all met for dep_context=requeueable deps ti=<TaskInstance: study_case_etl_all_pipeline.bash_task_2 manual__2024-03-30T17:58:35.567666+00:00 [queued]>
[2024-03-30T17:59:08.032+0000] {taskinstance.py:2193} INFO - Starting attempt 1 of 2
[2024-03-30T17:59:08.046+0000] {taskinstance.py:2214} INFO - Executing <Task(BashOperator): bash_task_2> on 2024-03-30 17:58:35.567666+00:00
[2024-03-30T17:59:08.051+0000] {standard_task_runner.py:60} INFO - Started process 918 to run task
[2024-03-30T17:59:08.054+0000] {standard_task_runner.py:87} INFO - Running: ['***', 'tasks', 'run', 'study_case_etl_all_pipeline', 'bash_task_2', 'manual__2024-03-30T17:58:35.567666+00:00', '--job-id', '155', '--raw', '--subdir', 'DAGS_FOLDER/running_dbt_core/study_case_etl_all_pipeline.py', '--cfg-path', '/tmp/tmpi42zdoic']
[2024-03-30T17:59:08.060+0000] {standard_task_runner.py:88} INFO - Job 155: Subtask bash_task_2
[2024-03-30T17:59:08.110+0000] {task_command.py:423} INFO - Running <TaskInstance: study_case_etl_all_pipeline.bash_task_2 manual__2024-03-30T17:58:35.567666+00:00 [running]> on host f5156ab87ac1
[2024-03-30T17:59:08.175+0000] {taskinstance.py:2510} INFO - Exporting env vars: AIRFLOW_CTX_DAG_OWNER='Agus mahari' AIRFLOW_CTX_DAG_ID='study_case_etl_all_pipeline' AIRFLOW_CTX_TASK_ID='bash_task_2' AIRFLOW_CTX_EXECUTION_DATE='2024-03-30T17:58:35.567666+00:00' AIRFLOW_CTX_TRY_NUMBER='1' AIRFLOW_CTX_DAG_RUN_ID='manual__2024-03-30T17:58:35.567666+00:00'
[2024-03-30T17:59:08.177+0000] {subprocess.py:63} INFO - Tmp dir root location: /tmp
[2024-03-30T17:59:08.177+0000] {subprocess.py:75} INFO - Running command: ['/usr/bin/bash', '-c', 'cd /opt/***/dbt/credit_card_dwh && dbt run --profiles-dir .']
[2024-03-30T17:59:08.187+0000] {subprocess.py:86} INFO - Output:
[2024-03-30T17:59:10.499+0000] {subprocess.py:93} INFO - [0m17:59:10  Running with dbt=1.7.11
[2024-03-30T17:59:11.405+0000] {subprocess.py:93} INFO - [0m17:59:11  Registered adapter: bigquery=1.7.7
[2024-03-30T17:59:11.987+0000] {subprocess.py:93} INFO - [0m17:59:11  Found 1 model, 2 tests, 1 source, 0 exposures, 0 metrics, 907 macros, 0 groups, 0 semantic models
[2024-03-30T17:59:11.990+0000] {subprocess.py:93} INFO - [0m17:59:11
[2024-03-30T17:59:13.594+0000] {subprocess.py:93} INFO - [0m17:59:13  Concurrency: 4 threads (target='dev')
[2024-03-30T17:59:13.596+0000] {subprocess.py:93} INFO - [0m17:59:13
[2024-03-30T17:59:13.611+0000] {subprocess.py:93} INFO - [0m17:59:13  1 of 1 START sql incremental model test_location.stg__credit_card .............. [RUN]
[2024-03-30T17:59:15.173+0000] {subprocess.py:93} INFO - [0m17:59:15  1 of 1 ERROR creating sql incremental model test_location.stg__credit_card ..... [[31mERROR[0m in 1.56s]
[2024-03-30T17:59:15.181+0000] {subprocess.py:93} INFO - [0m17:59:15
[2024-03-30T17:59:15.183+0000] {subprocess.py:93} INFO - [0m17:59:15  Finished running 1 incremental model in 0 hours 0 minutes and 3.19 seconds (3.19s).
[2024-03-30T17:59:15.271+0000] {subprocess.py:93} INFO - [0m17:59:15
[2024-03-30T17:59:15.272+0000] {subprocess.py:93} INFO - [0m17:59:15  [31mCompleted with 1 error and 0 warnings:[0m
[2024-03-30T17:59:15.273+0000] {subprocess.py:93} INFO - [0m17:59:15
[2024-03-30T17:59:15.275+0000] {subprocess.py:93} INFO - [0m17:59:15    Runtime Error in model stg__credit_card (models/staging/stg__credit_card.sql)
[2024-03-30T17:59:15.276+0000] {subprocess.py:93} INFO -   404 Not found: Dataset forward-entity-411314:agusmahari_data_lake was not found in location US; reason: notFound, message: Not found: Dataset forward-entity-411314:agusmahari_data_lake was not found in location US
[2024-03-30T17:59:15.277+0000] {subprocess.py:93} INFO - 
[2024-03-30T17:59:15.277+0000] {subprocess.py:93} INFO -   Location: US
[2024-03-30T17:59:15.278+0000] {subprocess.py:93} INFO -   Job ID: d1f8b4af-fae3-426c-9c6f-ba39700c2c17
[2024-03-30T17:59:15.278+0000] {subprocess.py:93} INFO - 
[2024-03-30T17:59:15.279+0000] {subprocess.py:93} INFO - [0m17:59:15
[2024-03-30T17:59:15.281+0000] {subprocess.py:93} INFO - [0m17:59:15  Done. PASS=0 WARN=0 ERROR=1 SKIP=0 TOTAL=1
[2024-03-30T17:59:18.388+0000] {subprocess.py:97} INFO - Command exited with return code 1
[2024-03-30T17:59:18.396+0000] {taskinstance.py:2728} ERROR - Task failed with exception
Traceback (most recent call last):
  File "/home/airflow/.local/lib/python3.8/site-packages/airflow/models/taskinstance.py", line 444, in _execute_task
    result = _execute_callable(context=context, **execute_callable_kwargs)
  File "/home/airflow/.local/lib/python3.8/site-packages/airflow/models/taskinstance.py", line 414, in _execute_callable
    return execute_callable(context=context, **execute_callable_kwargs)
  File "/home/airflow/.local/lib/python3.8/site-packages/airflow/operators/bash.py", line 212, in execute
    raise AirflowException(
airflow.exceptions.AirflowException: Bash command failed. The command returned a non-zero exit code 1.
[2024-03-30T17:59:18.399+0000] {taskinstance.py:1149} INFO - Marking task as UP_FOR_RETRY. dag_id=study_case_etl_all_pipeline, task_id=bash_task_2, execution_date=20240330T175835, start_date=20240330T175908, end_date=20240330T175918
[2024-03-30T17:59:18.413+0000] {standard_task_runner.py:107} ERROR - Failed to execute job 155 for task bash_task_2 (Bash command failed. The command returned a non-zero exit code 1.; 918)
[2024-03-30T17:59:18.430+0000] {local_task_job_runner.py:234} INFO - Task exited with return code 1
[2024-03-30T17:59:18.447+0000] {taskinstance.py:3309} INFO - 0 downstream tasks scheduled from follow-on schedule check
